#
# A fatal error has been detected by the Java Runtime Environment:
#
#  SIGILL (0x4) at pc=0x0000ffff9bd3fc5c, pid=143, tid=144
#
# JRE version:  (21.0.6+7) (build )
# Java VM: OpenJDK 64-Bit Server VM (21.0.6+7-LTS, mixed mode, sharing, tiered, compressed oops, compressed class ptrs, g1 gc, linux-aarch64)
# Problematic frame:
# j  java.lang.System.registerNatives()V+0 java.base@21.0.6
#
# No core dump will be written. Core dumps have been disabled. To enable core dumping, try "ulimit -c unlimited" before starting Java again
#
# The crash happened outside the Java Virtual Machine in native code.
# See problematic frame for where to report the bug.
#

---------------  S U M M A R Y ------------

Command Line: io.quarkus.grpc.protoc.plugin.MutinyGrpcGenerator

Host: AArch64, 12 cores, 7G, Ubuntu 24.04.1 LTS
Time: Thu Mar 27 02:34:07 2025 UTC elapsed time: 0.010392 seconds (0d 0h 0m 0s)

---------------  T H R E A D  ---------------

Current thread (0x0000ffffac02a6d0):  JavaThread "Unknown thread" [_thread_in_native, id=144, stack(0x0000ffffb0352000,0x0000ffffb0550000) (2040K)]

Stack: [0x0000ffffb0352000,0x0000ffffb0550000],  sp=0x0000ffffb054dfe0,  free space=2031k
Native frames: (J=compiled Java code, j=interpreted, Vv=VM code, C=native code)
j  java.lang.System.registerNatives()V+0 java.base@21.0.6
j  java.lang.System.<clinit>()V+0 java.base@21.0.6
v  ~StubRoutines::call_stub 0x0000ffff9bd37158
V  [libjvm.so+0x835f58]  JavaCalls::call_helper(JavaValue*, methodHandle const&, JavaCallArguments*, JavaThread*)+0x218
V  [libjvm.so+0x811398]  InstanceKlass::call_class_initializer(JavaThread*)+0x284
V  [libjvm.so+0x811ee0]  InstanceKlass::initialize_impl(JavaThread*)+0x370
V  [libjvm.so+0xddee68]  Threads::initialize_java_lang_classes(JavaThread*, JavaThread*)+0xe8
V  [libjvm.so+0xde0f24]  Threads::create_vm(JavaVMInitArgs*, bool*)+0x3f4
V  [libjvm.so+0x8c8fa4]  JNI_CreateJavaVM+0x80
C  [libjli.so+0x8bcc]  JavaMain+0x7c
C  [libjli.so+0xc1cc]  ThreadJavaMain+0xc
C  [libc.so.6+0x8597c]
Java frames: (J=compiled Java code, j=interpreted, Vv=VM code)
j  java.lang.System.registerNatives()V+0 java.base@21.0.6
j  java.lang.System.<clinit>()V+0 java.base@21.0.6
v  ~StubRoutines::call_stub 0x0000ffff9bd37158

siginfo: si_signo: 4 (SIGILL), si_code: 1 (ILL_ILLOPC), si_addr: 0x0000ffff9bd3fc5c

Registers:
R0=0x0000000000000000
R1=0x0000000000000000
R2=0x0000000000000000
R3=0x0000000000000000
R4=0x000000009aeaffff
R5=0x0000ffffb1984350
R6=0x000000000000ffff
R7=0x000000000000000d
R8=0x0000000000000000
R9=0x000000000000000c
R10=0x000000000000000d
R11=0x000000e800484d20
R12=0x000000e80001ae68
R13=0x000000e8006433c0
R14=0x0000000000000000
R15=0x0000000000000000
R16=0x0000ffffb196f838
R17=0x0000ffffb1b9a940
R18=0x000000e80001ad50
R19=0x0000ffff9bd3d8f0
R20=0x0000ffffb054dfe0
R21=0x0000ffffb1a112d0
R22=0x0000000000000000
R23=0x0000ffff9bd3ea40
R24=0x0000ffffb054e068
R25=0x0000ffffb054e260
R26=0x000000e800003140
R27=0x0000000000000000
R28=0x0000ffffac02a6d0
R29=0x0000ffffb054e050
R30=0x0000ffff9bd3fc40


Register to memory mapping:

R0 =0x0 is null
R1 =0x0 is null
R2 =0x0 is null
R3 =0x0 is null
R4 =0x000000009aeaffff is an unallocated location in the heap
R5 =0x0000ffffb1984350: <offset 0x0000000001384350> in /opt/java/openjdk/lib/server/libjvm.so at 0x0000ffffb0600000
R6 =0x000000000000ffff is an unknown value
R7 =0x000000000000000d is an unknown value
R8 =0x0 is null
R9 =0x000000000000000c is an unknown value
R10=0x000000000000000d is an unknown value
R11=0x000000e800484d20 is pointing into metadata
R12={method} {0x000000e80001ae68} 'registerNatives' '()V' in 'java/lang/System'
R13=0x000000e8006433c0 is pointing into metadata
R14=0x0 is null
R15=0x0 is null
R16=0x0000ffffb196f838: <offset 0x000000000136f838> in /opt/java/openjdk/lib/server/libjvm.so at 0x0000ffffb0600000
R17=0x0000ffffb1b9a940: __memcmpeq+0x0000000000000000 in /lib/aarch64-linux-gnu/libc.so.6 at 0x0000ffffb1b00000
R18={method} {0x000000e80001ad50} 'arraycopy' '(Ljava/lang/Object;ILjava/lang/Object;II)V' in 'java/lang/System'
R19=0x0000ffff9bd3d8f0 is at code_begin+48 in an Interpreter codelet
result handlers for native calls  [0x0000ffff9bd3d8c0, 0x0000ffff9bd3d908]  72 bytes
R20=0x0000ffffb054dfe0 is pointing into the stack for thread: 0x0000ffffac02a6d0
R21=0x0000ffffb1a112d0: <offset 0x00000000014112d0> in /opt/java/openjdk/lib/server/libjvm.so at 0x0000ffffb0600000
R22=0x0 is null
R23=0x0000ffff9bd3ea40 is at code_begin+0 in an Interpreter codelet
method entry point (kind = zerolocals)  [0x0000ffff9bd3ea40, 0x0000ffff9bd3edd8]  920 bytes
R24=0x0000ffffb054e068 is pointing into the stack for thread: 0x0000ffffac02a6d0
R25=0x0000ffffb054e260 is pointing into the stack for thread: 0x0000ffffac02a6d0
R26=0x000000e800003140 is pointing into metadata
R27=0x0 is null
R28=0x0000ffffac02a6d0 is a thread
R29=0x0000ffffb054e050 is pointing into the stack for thread: 0x0000ffffac02a6d0
R30=0x0000ffff9bd3fc40 is at code_begin+896 in an Interpreter codelet
native method entry point (kind = native)  [0x0000ffff9bd3f8c0, 0x0000ffff9bd400c0]  2048 bytes
R31=0x0000ffffb054dfe0 is pointing into the stack for thread: 0x0000ffffac02a6d0

Top of Stack: (sp=0x0000ffffb054dfe0)
0x0000ffffb054dfe0:   0000000000000000 0000000000000000
0x0000ffffb054dff0:   ffffff0000000000 b9b9b2134cfe0500
0x0000ffffb054e000:   0000ffffb054e000 0000000000000000
0x0000ffffb054e010:   0000000000000003 000000e800003140
0x0000ffffb054e020:   00000000ffe7fd50 0000ffffb054dff0
0x0000ffffb054e030:   0000000000000000 000000e80001ae68
0x0000ffffb054e040:   0000000000000000 0000ffffb054e050
0x0000ffffb054e050:   0000ffffb054e0c0 0000ffff9bd3c17c
0x0000ffffb054e060:   0000000000000000 00000000ffe7fd50
0x0000ffffb054e070:   0000ffffb054e070 000000e800643ab8
0x0000ffffb054e080:   0000000000000001 000000e800003140
0x0000ffffb054e090:   00000000ffe7fd50 0000ffffb054e050
0x0000ffffb054e0a0:   0000000000000000 000000e80001aa60
0x0000ffffb054e0b0:   0000ffffb054e070 0000ffffb054e0d0
0x0000ffffb054e0c0:   0000ffffb054e1b0 0000ffff9bd37158
0x0000ffffb054e0d0:   0000000000000000 0000ffffac02ae30
0x0000ffffb054e0e0:   0000000000000000 0000000000000000
0x0000ffffb054e0f0:   0000000000000000 0000000000000000
0x0000ffffb054e100:   0000000000000000 0000000000000000
0x0000ffffb054e110:   0000000000000000 0000000000000000
0x0000ffffb054e120:   0000ffffb054e328 0000ffffb054e228
0x0000ffffb054e130:   000000000000000a 0000ffffb054e260
0x0000ffffb054e140:   000000000000000e 0000ffff9bd3ea40
0x0000ffffb054e150:   0000ffffb054e300 0000ffffb054e320
0x0000ffffb054e160:   0000ffffb054e2e8 0000ffffac02a6d0
0x0000ffffb054e170:   0000ffffb054e260 0000ffffb054e300
0x0000ffffb054e180:   000000000000000a 000000e80001aa60
0x0000ffffb054e190:   0000ffff9bd3ea40 0000ffffb054e328
0x0000ffffb054e1a0:   0000ffff00000000 0000ffffac02a6d0
0x0000ffffb054e1b0:   0000ffffb054e1c0 0000ffffb0e35f58
0x0000ffffb054e1c0:   0000ffffb054e2a0 0000ffffb0e11398
0x0000ffffb054e1d0:   0000ffffac02a6d0 0000ffffb054e2e8 

Instructions: (pc=0x0000ffff9bd3fc5c)
0x0000ffff9bd3fb5c:   b8 6f 38 8b 91 31 40 f9 20 02 3f d6 ac 83 5e f8
0x0000ffff9bd3fb6c:   f3 03 00 aa 91 29 40 b9 11 01 18 36 91 05 40 f9
0x0000ffff9bd3fb7c:   31 06 40 f9 31 0e 40 f9 31 3a 40 f9 31 02 40 f9
0x0000ffff9bd3fb8c:   b1 0f 00 f9 a1 63 00 91 8a 2d 40 f9 09 c2 99 d2
0x0000ffff9bd3fb9c:   c9 24 b6 f2 e9 ff df f2 29 01 40 f9 5f 01 09 eb
0x0000ffff9bd3fbac:   81 03 00 54 e1 03 0c aa b6 83 1b f8 e0 03 1c aa
0x0000ffff9bd3fbbc:   28 01 00 10 88 d3 01 f9 94 cf 01 f9 9d d7 01 f9
0x0000ffff9bd3fbcc:   e8 33 bf a9 08 2c 99 d2 48 1c b6 f2 e8 ff df f2
0x0000ffff9bd3fbdc:   00 01 3f d6 e8 33 c1 a8 fe ff ff 10 9f cf 01 f9
0x0000ffff9bd3fbec:   9f d7 01 f9 9f d3 01 f9 88 07 40 f9 a8 00 00 b4
0x0000ffff9bd3fbfc:   08 10 8e d2 68 7a b3 f2 e8 ff df f2 00 01 1f d6
0x0000ffff9bd3fc0c:   b6 e3 7b a9 b8 6f 38 8b ac 83 5e f8 8a 2d 40 f9
0x0000ffff9bd3fc1c:   80 e3 0e 91 08 01 00 10 88 d3 01 f9 94 cf 01 f9
0x0000ffff9bd3fc2c:   9d d7 01 f9 e8 03 7e b2 89 13 11 91 28 fd 9f 88
0x0000ffff9bd3fc3c:   40 01 3f d6 ac 83 5e f8 88 82 00 d1 1f ed 7c 92
0x0000ffff9bd3fc4c:   80 0e 1f fc 9f 8e 1f f8 80 8e 1f f8 e8 03 1f 2a
0x0000ffff9bd3fc5c:   e8 e3 30 04 1f 05 00 31 80 00 00 54 c1 d5 bb d4
0x0000ffff9bd3fc6c:   38 db 5a b1 ff ff 00 00 a8 00 80 d2 89 13 11 91
0x0000ffff9bd3fc7c:   28 fd 9f 88 bf 3b 03 d5 88 23 11 91 08 fd df c8
0x0000ffff9bd3fc8c:   bf 03 08 eb 68 00 00 54 89 43 44 b9 69 01 00 b4
0x0000ffff9bd3fc9c:   e0 03 1c aa 89 32 9a d2 89 1c b6 f2 e9 ff df f2
0x0000ffff9bd3fcac:   20 01 3f d6 ac 83 5e f8 1b f0 88 d2 fb 32 b6 f2
0x0000ffff9bd3fcbc:   fb ff df f2 7b 03 40 f9 e8 03 7d b2 89 13 11 91
0x0000ffff9bd3fccc:   28 fd 9f 88 9f cf 01 f9 9f d7 01 f9 9f d3 01 f9
0x0000ffff9bd3fcdc:   91 17 42 f9 3f 82 00 f9 d1 e0 fe 10 3f 02 13 eb
0x0000ffff9bd3fcec:   a1 08 00 54 80 06 41 f8 00 08 00 b4 1f 04 40 f2
0x0000ffff9bd3fcfc:   61 00 00 54 00 00 40 f9 3c 00 00 14 60 00 00 37
0x0000ffff9bd3fd0c:   00 e0 5f f8 39 00 00 14 00 f0 5f f8 fd 7b bf a9
0x0000ffff9bd3fd1c:   fd 03 00 91 91 03 41 39 51 06 00 34 20 06 00 b4
0x0000ffff9bd3fd2c:   91 17 40 f9 f1 00 00 b4 31 22 00 d1 91 17 00 f9
0x0000ffff9bd3fd3c:   89 1f 40 f9 31 02 09 8b 20 02 00 f9 29 00 00 14
0x0000ffff9bd3fd4c:   e0 07 b7 a9 e2 0f 01 a9 e4 17 02 a9 e6 1f 03 a9 


Stack slot to memory mapping:

stack at sp + 0 slots: 0x0 is null
stack at sp + 1 slots: 0x0 is null
stack at sp + 2 slots: 0xffffff0000000000 is an unknown value
stack at sp + 3 slots: 0xb9b9b2134cfe0500 is an unknown value
stack at sp + 4 slots: 0x0000ffffb054e000 is pointing into the stack for thread: 0x0000ffffac02a6d0
stack at sp + 5 slots: 0x0 is null
stack at sp + 6 slots: 0x0000000000000003 is an unknown value
stack at sp + 7 slots: 0x000000e800003140 is pointing into metadata

native method entry point (kind = native)  [0x0000ffff9bd3f8c0, 0x0000ffff9bd400c0]  2048 bytes
[MachCode]
  0x0000ffff9bd3f8c0: 8205 40f9 | 425c 4079 | 986e 228b | 1823 00d1 | 9fee 7c92 | f4c3 01d1 | f603 1faa | f47f b9a9 
  0x0000ffff9bd3f8e0: ff7f 06a9 | 8809 40f9 | 4800 00b4 | 08e1 0491 | e833 03a9 | fd7b 05a9 | fd43 0191 | 9a05 40f9 
  0x0000ffff9bd3f900: 5a07 40f9 | 5a0b 40f9 | 0803 1dcb | 08fd 43d3 | e86b 01a9 | ff4f 04a9 | 8a05 40f9 | 4a05 40f9 
  0x0000ffff9bd3f920: 4a0d 40f9 | 4a39 40f9 | 4a01 40f9 | e843 00d1 | ea23 02a9 | 1f01 0091 | e903 40b2 | 89c7 1139 
  0x0000ffff9bd3f940: 8009 40f9 | 0001 00b4 | 08fc 40b9 | 0809 0091 | 08fc 00b9 | 0910 41b9 | 0801 09ea | c037 0054 
  0x0000ffff9bd3f960: 2400 0014 | 890d 40f9 | 8903 00b5 | e103 0caa | b683 1bf8 | e003 1caa | 2801 0010 | 88d3 01f9 
  0x0000ffff9bd3f980: 94cf 01f9 | 9dd7 01f9 | e833 bfa9 | 0814 94d2 | 481c b6f2 | e8ff dff2 | 0001 3fd6 | e833 c1a8 
  0x0000ffff9bd3f9a0: feff ff10 | 9fcf 01f9 | 9fd7 01f9 | 9fd3 01f9 | 8807 40f9 | a800 00b4 | 0810 8ed2 | 687a b3f2 
  0x0000ffff9bd3f9c0: e8ff dff2 | 0001 1fd6 | b6e3 7ba9 | b86f 388b | 890d 40f9 | e900 00b4 | 2809 40b9 | 0809 0091 
  0x0000ffff9bd3f9e0: 2809 00b9 | 211d 40b9 | 0801 01ea | 4033 0054 | 8873 42f9 | ff63 28eb | c805 0054 | e907 40d1 
  0x0000ffff9bd3fa00: 3f01 00f9 | e90b 40d1 | 3f01 00f9 | e90f 40d1 | 3f01 00f9 | e913 40d1 | 3f01 00f9 | e917 40d1 
  0x0000ffff9bd3fa20: 3f01 00f9 | e91b 40d1 | 3f01 00f9 | e91f 40d1 | 3f01 00f9 | e923 40d1 | 3f01 00f9 | e927 40d1 
  0x0000ffff9bd3fa40: 3f01 00f9 | e92b 40d1 | 3f01 00f9 | e92f 40d1 | 3f01 00f9 | e933 40d1 | 3f01 00f9 | e937 40d1 
  0x0000ffff9bd3fa60: 3f01 00f9 | e93b 40d1 | 3f01 00f9 | e93f 40d1 | 3f01 00f9 | e943 40d1 | 3f01 00f9 | e947 40d1 
  0x0000ffff9bd3fa80: 3f01 00f9 | e94b 40d1 | 3f01 00f9 | e94f 40d1 | 3f01 00f9 | e953 40d1 | 3f01 00f9 | 886f 42f9 
  0x0000ffff9bd3faa0: ff63 28eb | 6900 0054 | e803 0091 | 8873 02f9 | 9fc7 1139 | c8e3 0a90 | 08d5 4e39 | 2801 0034 
  0x0000ffff9bd3fac0: a183 5ef8 | e003 1caa | e833 bfa9 | 0806 9dd2 | c824 b6f2 | e8ff dff2 | 0001 3fd6 | e833 c1a8 
  0x0000ffff9bd3fae0: 9105 40f9 | 315e 4079 | 886e 31cb | 1fed 7c92 | f403 08aa | 9131 40f9 | 7103 00b5 | e103 0caa 
  0x0000ffff9bd3fb00: b683 1bf8 | e003 1caa | 2801 0010 | 88d3 01f9 | 94cf 01f9 | 9dd7 01f9 | e833 bfa9 | 082c 99d2 
  0x0000ffff9bd3fb20: 481c b6f2 | e8ff dff2 | 0001 3fd6 | e833 c1a8 | feff ff10 | 9fcf 01f9 | 9fd7 01f9 | 9fd3 01f9 
  0x0000ffff9bd3fb40: 8807 40f9 | a800 00b4 | 0810 8ed2 | 687a b3f2 | e8ff dff2 | 0001 1fd6 | b6e3 7ba9 | b86f 388b 
  0x0000ffff9bd3fb60: 9131 40f9 | 2002 3fd6 | ac83 5ef8 | f303 00aa | 9129 40b9 | 1101 1836 | 9105 40f9 | 3106 40f9 
  0x0000ffff9bd3fb80: 310e 40f9 | 313a 40f9 | 3102 40f9 | b10f 00f9 | a163 0091 | 8a2d 40f9 | 09c2 99d2 | c924 b6f2 
  0x0000ffff9bd3fba0: e9ff dff2 | 2901 40f9 | 5f01 09eb | 8103 0054 | e103 0caa | b683 1bf8 | e003 1caa | 2801 0010 
  0x0000ffff9bd3fbc0: 88d3 01f9 | 94cf 01f9 | 9dd7 01f9 | e833 bfa9 | 082c 99d2 | 481c b6f2 | e8ff dff2 | 0001 3fd6 
  0x0000ffff9bd3fbe0: e833 c1a8 | feff ff10 | 9fcf 01f9 | 9fd7 01f9 | 9fd3 01f9 | 8807 40f9 | a800 00b4 | 0810 8ed2 
  0x0000ffff9bd3fc00: 687a b3f2 | e8ff dff2 | 0001 1fd6 | b6e3 7ba9 | b86f 388b | ac83 5ef8 | 8a2d 40f9 | 80e3 0e91 
  0x0000ffff9bd3fc20: 0801 0010 | 88d3 01f9 | 94cf 01f9 | 9dd7 01f9 | e803 7eb2 | 8913 1191 | 28fd 9f88 | 4001 3fd6 
  0x0000ffff9bd3fc40: ac83 5ef8 | 8882 00d1 | 1fed 7c92 | 800e 1ffc | 9f8e 1ff8 | 808e 1ff8 | e803 1f2a | e8e3 3004 
  0x0000ffff9bd3fc60: 1f05 0031 | 8000 0054 | c1d5 bbd4 | 38db 5ab1 | ffff 0000 | a800 80d2 | 8913 1191 | 28fd 9f88 
  0x0000ffff9bd3fc80: bf3b 03d5 | 8823 1191 | 08fd dfc8 | bf03 08eb | 6800 0054 | 8943 44b9 | 6901 00b4 | e003 1caa 
  0x0000ffff9bd3fca0: 8932 9ad2 | 891c b6f2 | e9ff dff2 | 2001 3fd6 | ac83 5ef8 | 1bf0 88d2 | fb32 b6f2 | fbff dff2 
  0x0000ffff9bd3fcc0: 7b03 40f9 | e803 7db2 | 8913 1191 | 28fd 9f88 | 9fcf 01f9 | 9fd7 01f9 | 9fd3 01f9 | 9117 42f9 
  0x0000ffff9bd3fce0: 3f82 00f9 | d1e0 fe10 | 3f02 13eb | a108 0054 | 8006 41f8 | 0008 00b4 | 1f04 40f2 | 6100 0054 
  0x0000ffff9bd3fd00: 0000 40f9 | 3c00 0014 | 6000 0037 | 00e0 5ff8 | 3900 0014 | 00f0 5ff8 | fd7b bfa9 | fd03 0091 
  0x0000ffff9bd3fd20: 9103 4139 | 5106 0034 | 2006 00b4 | 9117 40f9 | f100 00b4 | 3122 00d1 | 9117 00f9 | 891f 40f9 
  0x0000ffff9bd3fd40: 3102 098b | 2002 00f9 | 2900 0014 | e007 b7a9 | e20f 01a9 | e417 02a9 | e61f 03a9 | ea2f 04a9 
  0x0000ffff9bd3fd60: ec37 05a9 | ee3f 06a9 | f047 07a9 | f27f 08a9 | ff83 00d1 | e8eb 7bb2 | fc2f 880c | f82f 880c 
  0x0000ffff9bd3fd80: f42f 880c | f02f 880c | e42f 880c | e02f 000c | e103 1caa | e833 bfa9 | 084a 8bd2 | c819 b6f2 
  0x0000ffff9bd3fda0: e8ff dff2 | 0001 3fd6 | e833 c1a8 | e02f df0c | e42f df0c | f02f df0c | f42f df0c | f82f df0c 
  0x0000ffff9bd3fdc0: fc2f df0c | e7e3 1825 | e20f 41a9 | e417 42a9 | e61f 43a9 | ea2f 44a9 | ec37 45a9 | ee3f 46a9 
  0x0000ffff9bd3fde0: f047 47a9 | f27f 48a9 | e007 c9a8 | bf03 0091 | fd7b c1a8 | a00f 00f9 | 9f8e 1ff8 | 808e 1ff8 
  0x0000ffff9bd3fe00: 8803 1391 | 0801 40b9 | 1f09 00f1 | e104 0054 | e007 b7a9 | e20f 01a9 | e417 02a9 | e61f 03a9 
  0x0000ffff9bd3fe20: ea2f 04a9 | ec37 05a9 | ee3f 06a9 | f047 07a9 | f27f 08a9 | ff83 00d1 | e8eb 7bb2 | fc2f 880c 
  0x0000ffff9bd3fe40: f82f 880c | f42f 880c | f02f 880c | e42f 880c | e02f 000c | e003 1caa | 8904 9fd2 | c924 b6f2 
  0x0000ffff9bd3fe60: e9ff dff2 | 2001 3fd6 | e02f df0c | e42f df0c | f02f df0c | f42f df0c | f82f df0c | fc2f df0c 
  0x0000ffff9bd3fe80: e7e3 1825 | e20f 41a9 | e417 42a9 | e61f 43a9 | ea2f 44a9 | ec37 45a9 | ee3f 46a9 | f047 47a9 
  0x0000ffff9bd3fea0: f27f 48a9 | e007 c9a8 | ac83 5ef8 | 9605 40f9 | d6e2 0091 | 8807 40f9 | 8803 00b4 | b683 1bf8 
  0x0000ffff9bd3fec0: e003 1caa | 2801 0010 | 88d3 01f9 | 94cf 01f9 | 9dd7 01f9 | e833 bfa9 | 0802 92d2 | 481c b6f2 
  0x0000ffff9bd3fee0: e8ff dff2 | 0001 3fd6 | e833 c1a8 | feff ff10 | 9fcf 01f9 | 9fd7 01f9 | 9fd3 01f9 | 8807 40f9 
  0x0000ffff9bd3ff00: a800 00b4 | 0810 8ed2 | 687a b3f2 | e8ff dff2 | 0001 1fd6 | b6e3 7ba9 | b86f 388b | c1d5 bbd4 
  0x0000ffff9bd3ff20: c891 55b1 | ffff 0000 | 9129 40b9 | f106 2836 | a183 01d1 | 3104 40f9 | 9103 00b5 | b683 1bf8 
  0x0000ffff9bd3ff40: e003 1caa | 2801 0010 | 88d3 01f9 | 94cf 01f9 | 9dd7 01f9 | e833 bfa9 | 8818 93d2 | 481c b6f2 
  0x0000ffff9bd3ff60: e8ff dff2 | 0001 3fd6 | e833 c1a8 | feff ff10 | 9fcf 01f9 | 9fd7 01f9 | 9fd3 01f9 | 8807 40f9 
  0x0000ffff9bd3ff80: a800 00b4 | 0810 8ed2 | 687a b3f2 | e8ff dff2 | 0001 1fd6 | b6e3 7ba9 | b86f 388b | c1d5 bbd4 
  0x0000ffff9bd3ffa0: c891 55b1 | ffff 0000 | b683 1bf8 | 2000 00d1 | 2304 40f9 | 3f04 00f9 | 0200 40f9 | e201 00b4 
  0x0000ffff9bd3ffc0: e803 00aa | 62fc e0c8 | 1f01 00eb | 6001 0054 | bf3b 03d5 | 2304 00f9 | e003 01aa | e833 bfa9 
  0x0000ffff9bd3ffe0: 0804 93d2 | 481c b6f2 | e8ff dff2 | 0001 3fd6 | e833 c1a8 | 0400 0014 | 88a7 42f9 | 0805 00d1 
  0x0000ffff9bd40000: 88a7 02f9 | b683 5bf8 | a8e3 0af0 | 08d5 4e39 | 2801 0034 | a183 5ef8 | e003 1caa | e833 bfa9 
  0x0000ffff9bd40020: 0828 9dd2 | c824 b6f2 | e8ff dff2 | 0001 3fd6 | e833 c1a8 | 8006 41f8 | 8006 41fc | 6002 3fd6 
  0x0000ffff9bd40040: b483 5ff8 | bf03 0091 | fd7b c1a8 | 9f02 0091 | c003 5fd6 | 0100 80d2 | b683 1bf8 | e003 1caa 
  0x0000ffff9bd40060: 2801 0010 | 88d3 01f9 | 94cf 01f9 | 9dd7 01f9 | e833 bfa9 | 080c 9ad2 | 481c b6f2 | e8ff dff2 
  0x0000ffff9bd40080: 0001 3fd6 | e833 c1a8 | feff ff10 | 9fcf 01f9 | 9fd7 01f9 | 9fd3 01f9 | 8807 40f9 | a800 00b4 
  0x0000ffff9bd400a0: 0810 8ed2 | 687a b3f2 | e8ff dff2 | 0001 1fd6 | b6e3 7ba9 | b86f 388b | 4efe ff17 | 1f20 03d5 
[/MachCode]

---------------  P R O C E S S  ---------------

Threads class SMR info:
_java_thread_list=0x0000ffffac12acd0, length=1, elements={
0x0000ffffac02a6d0
}

Java Threads: ( => current thread )
=>0x0000ffffac02a6d0 JavaThread "Unknown thread"             [_thread_in_native, id=144, stack(0x0000ffffb0352000,0x0000ffffb0550000) (2040K)]
Total: 1

Other Threads:
  0x0000ffffac13be00 VMThread "VM Thread"                           [id=151, stack(0x0000ffff89010000,0x0000ffff8920e000) (2040K)]
  0x0000ffffac129df0 WatcherThread "VM Periodic Task Thread"        [id=150, stack(0x0000ffff89410000,0x0000ffff8960e000) (2040K)]
  0x0000ffffac0805e0 WorkerThread "GC Thread#0"                     [id=145, stack(0x0000ffff91210000,0x0000ffff9140e000) (2040K)]
  0x0000ffffac090fa0 ConcurrentGCThread "G1 Main Marker"            [id=146, stack(0x0000ffff90e10000,0x0000ffff9100e000) (2040K)]
  0x0000ffffac091f50 WorkerThread "G1 Conc#0"                       [id=147, stack(0x0000ffff90a10000,0x0000ffff90c0e000) (2040K)]
  0x0000ffffac10eef0 ConcurrentGCThread "G1 Refine#0"               [id=148, stack(0x0000ffff89c10000,0x0000ffff89e0e000) (2040K)]
  0x0000ffffac10fec0 ConcurrentGCThread "G1 Service"                [id=149, stack(0x0000ffff89810000,0x0000ffff89a0e000) (2040K)]
Total: 7

Threads with active compile tasks:
Total: 0

VM state: not at safepoint (normal execution)

VM Mutex/Monitor currently owned by a thread: None

Heap address: 0x0000000085800000, size: 1960 MB, Compressed Oops mode: 32-bit

CDS archive(s) mapped at: [0x000000e800000000-0x000000e800ca0000-0x000000e800ca0000), size 13238272, SharedBaseAddress: 0x000000e800000000, ArchiveRelocationMode: 1.
Compressed class space mapped at: 0x000000e801000000-0x000000e841000000, reserved size: 1073741824
Narrow klass base: 0x000000e800000000, Narrow klass shift: 0, Narrow klass range: 0x100000000

GC Precious Log:
 CardTable entry size: 512
 Card Set container configuration: InlinePtr #cards 5 size 8 Array Of Cards #cards 12 size 40 Howl #buckets 4 coarsen threshold 1843 Howl Bitmap #cards 512 size 80 coarsen threshold 460 Card regions per heap region 1 cards per card region 2048
 CPUs: 12 total, 12 available
 Memory: 7836M
 Large Page Support: Disabled
 NUMA Support: Disabled
 Compressed Oops: Enabled (32-bit)
 Heap Region Size: 1M
 Heap Min Capacity: 8M
 Heap Initial Capacity: 124M
 Heap Max Capacity: 1960M
 Pre-touch: Disabled
 Parallel Workers: 10
 Concurrent Workers: 3
 Concurrent Refinement Workers: 10
 Periodic GC: Disabled

Heap:
 garbage-first heap   total 129024K, used 1073K [0x0000000085800000, 0x0000000100000000)
  region size 1024K, 1 young (1024K), 0 survivors (0K)
 Metaspace       used 1K, committed 128K, reserved 1114112K
  class space    used 0K, committed 64K, reserved 1048576K

Heap Regions: E=young(eden), S=young(survivor), O=old, HS=humongous(starts), HC=humongous(continues), CS=collection set, F=free, TAMS=top-at-mark-start, PB=parsable bottom
|   0|0x0000000085800000, 0x0000000085800000, 0x0000000085900000|  0%| F|  |TAMS 0x0000000085800000| PB 0x0000000085800000| Untracked 
|   1|0x0000000085900000, 0x0000000085900000, 0x0000000085a00000|  0%| F|  |TAMS 0x0000000085900000| PB 0x0000000085900000| Untracked 
|   2|0x0000000085a00000, 0x0000000085a00000, 0x0000000085b00000|  0%| F|  |TAMS 0x0000000085a00000| PB 0x0000000085a00000| Untracked 
|   3|0x0000000085b00000, 0x0000000085b00000, 0x0000000085c00000|  0%| F|  |TAMS 0x0000000085b00000| PB 0x0000000085b00000| Untracked 
|   4|0x0000000085c00000, 0x0000000085c00000, 0x0000000085d00000|  0%| F|  |TAMS 0x0000000085c00000| PB 0x0000000085c00000| Untracked 
|   5|0x0000000085d00000, 0x0000000085d00000, 0x0000000085e00000|  0%| F|  |TAMS 0x0000000085d00000| PB 0x0000000085d00000| Untracked 
|   6|0x0000000085e00000, 0x0000000085e00000, 0x0000000085f00000|  0%| F|  |TAMS 0x0000000085e00000| PB 0x0000000085e00000| Untracked 
|   7|0x0000000085f00000, 0x0000000085f00000, 0x0000000086000000|  0%| F|  |TAMS 0x0000000085f00000| PB 0x0000000085f00000| Untracked 
|   8|0x0000000086000000, 0x0000000086000000, 0x0000000086100000|  0%| F|  |TAMS 0x0000000086000000| PB 0x0000000086000000| Untracked 
|   9|0x0000000086100000, 0x0000000086100000, 0x0000000086200000|  0%| F|  |TAMS 0x0000000086100000| PB 0x0000000086100000| Untracked 
|  10|0x0000000086200000, 0x0000000086200000, 0x0000000086300000|  0%| F|  |TAMS 0x0000000086200000| PB 0x0000000086200000| Untracked 
|  11|0x0000000086300000, 0x0000000086300000, 0x0000000086400000|  0%| F|  |TAMS 0x0000000086300000| PB 0x0000000086300000| Untracked 
|  12|0x0000000086400000, 0x0000000086400000, 0x0000000086500000|  0%| F|  |TAMS 0x0000000086400000| PB 0x0000000086400000| Untracked 
|  13|0x0000000086500000, 0x0000000086500000, 0x0000000086600000|  0%| F|  |TAMS 0x0000000086500000| PB 0x0000000086500000| Untracked 
|  14|0x0000000086600000, 0x0000000086600000, 0x0000000086700000|  0%| F|  |TAMS 0x0000000086600000| PB 0x0000000086600000| Untracked 
|  15|0x0000000086700000, 0x0000000086700000, 0x0000000086800000|  0%| F|  |TAMS 0x0000000086700000| PB 0x0000000086700000| Untracked 
|  16|0x0000000086800000, 0x0000000086800000, 0x0000000086900000|  0%| F|  |TAMS 0x0000000086800000| PB 0x0000000086800000| Untracked 
|  17|0x0000000086900000, 0x0000000086900000, 0x0000000086a00000|  0%| F|  |TAMS 0x0000000086900000| PB 0x0000000086900000| Untracked 
|  18|0x0000000086a00000, 0x0000000086a00000, 0x0000000086b00000|  0%| F|  |TAMS 0x0000000086a00000| PB 0x0000000086a00000| Untracked 
|  19|0x0000000086b00000, 0x0000000086b00000, 0x0000000086c00000|  0%| F|  |TAMS 0x0000000086b00000| PB 0x0000000086b00000| Untracked 
|  20|0x0000000086c00000, 0x0000000086c00000, 0x0000000086d00000|  0%| F|  |TAMS 0x0000000086c00000| PB 0x0000000086c00000| Untracked 
|  21|0x0000000086d00000, 0x0000000086d00000, 0x0000000086e00000|  0%| F|  |TAMS 0x0000000086d00000| PB 0x0000000086d00000| Untracked 
|  22|0x0000000086e00000, 0x0000000086e00000, 0x0000000086f00000|  0%| F|  |TAMS 0x0000000086e00000| PB 0x0000000086e00000| Untracked 
|  23|0x0000000086f00000, 0x0000000086f00000, 0x0000000087000000|  0%| F|  |TAMS 0x0000000086f00000| PB 0x0000000086f00000| Untracked 
|  24|0x0000000087000000, 0x0000000087000000, 0x0000000087100000|  0%| F|  |TAMS 0x0000000087000000| PB 0x0000000087000000| Untracked 
|  25|0x0000000087100000, 0x0000000087100000, 0x0000000087200000|  0%| F|  |TAMS 0x0000000087100000| PB 0x0000000087100000| Untracked 
|  26|0x0000000087200000, 0x0000000087200000, 0x0000000087300000|  0%| F|  |TAMS 0x0000000087200000| PB 0x0000000087200000| Untracked 
|  27|0x0000000087300000, 0x0000000087300000, 0x0000000087400000|  0%| F|  |TAMS 0x0000000087300000| PB 0x0000000087300000| Untracked 
|  28|0x0000000087400000, 0x0000000087400000, 0x0000000087500000|  0%| F|  |TAMS 0x0000000087400000| PB 0x0000000087400000| Untracked 
|  29|0x0000000087500000, 0x0000000087500000, 0x0000000087600000|  0%| F|  |TAMS 0x0000000087500000| PB 0x0000000087500000| Untracked 
|  30|0x0000000087600000, 0x0000000087600000, 0x0000000087700000|  0%| F|  |TAMS 0x0000000087600000| PB 0x0000000087600000| Untracked 
|  31|0x0000000087700000, 0x0000000087700000, 0x0000000087800000|  0%| F|  |TAMS 0x0000000087700000| PB 0x0000000087700000| Untracked 
|  32|0x0000000087800000, 0x0000000087800000, 0x0000000087900000|  0%| F|  |TAMS 0x0000000087800000| PB 0x0000000087800000| Untracked 
|  33|0x0000000087900000, 0x0000000087900000, 0x0000000087a00000|  0%| F|  |TAMS 0x0000000087900000| PB 0x0000000087900000| Untracked 
|  34|0x0000000087a00000, 0x0000000087a00000, 0x0000000087b00000|  0%| F|  |TAMS 0x0000000087a00000| PB 0x0000000087a00000| Untracked 
|  35|0x0000000087b00000, 0x0000000087b00000, 0x0000000087c00000|  0%| F|  |TAMS 0x0000000087b00000| PB 0x0000000087b00000| Untracked 
|  36|0x0000000087c00000, 0x0000000087c00000, 0x0000000087d00000|  0%| F|  |TAMS 0x0000000087c00000| PB 0x0000000087c00000| Untracked 
|  37|0x0000000087d00000, 0x0000000087d00000, 0x0000000087e00000|  0%| F|  |TAMS 0x0000000087d00000| PB 0x0000000087d00000| Untracked 
|  38|0x0000000087e00000, 0x0000000087e00000, 0x0000000087f00000|  0%| F|  |TAMS 0x0000000087e00000| PB 0x0000000087e00000| Untracked 
|  39|0x0000000087f00000, 0x0000000087f00000, 0x0000000088000000|  0%| F|  |TAMS 0x0000000087f00000| PB 0x0000000087f00000| Untracked 
|  40|0x0000000088000000, 0x0000000088000000, 0x0000000088100000|  0%| F|  |TAMS 0x0000000088000000| PB 0x0000000088000000| Untracked 
|  41|0x0000000088100000, 0x0000000088100000, 0x0000000088200000|  0%| F|  |TAMS 0x0000000088100000| PB 0x0000000088100000| Untracked 
|  42|0x0000000088200000, 0x0000000088200000, 0x0000000088300000|  0%| F|  |TAMS 0x0000000088200000| PB 0x0000000088200000| Untracked 
|  43|0x0000000088300000, 0x0000000088300000, 0x0000000088400000|  0%| F|  |TAMS 0x0000000088300000| PB 0x0000000088300000| Untracked 
|  44|0x0000000088400000, 0x0000000088400000, 0x0000000088500000|  0%| F|  |TAMS 0x0000000088400000| PB 0x0000000088400000| Untracked 
|  45|0x0000000088500000, 0x0000000088500000, 0x0000000088600000|  0%| F|  |TAMS 0x0000000088500000| PB 0x0000000088500000| Untracked 
|  46|0x0000000088600000, 0x0000000088600000, 0x0000000088700000|  0%| F|  |TAMS 0x0000000088600000| PB 0x0000000088600000| Untracked 
|  47|0x0000000088700000, 0x0000000088700000, 0x0000000088800000|  0%| F|  |TAMS 0x0000000088700000| PB 0x0000000088700000| Untracked 
|  48|0x0000000088800000, 0x0000000088800000, 0x0000000088900000|  0%| F|  |TAMS 0x0000000088800000| PB 0x0000000088800000| Untracked 
|  49|0x0000000088900000, 0x0000000088900000, 0x0000000088a00000|  0%| F|  |TAMS 0x0000000088900000| PB 0x0000000088900000| Untracked 
|  50|0x0000000088a00000, 0x0000000088a00000, 0x0000000088b00000|  0%| F|  |TAMS 0x0000000088a00000| PB 0x0000000088a00000| Untracked 
|  51|0x0000000088b00000, 0x0000000088b00000, 0x0000000088c00000|  0%| F|  |TAMS 0x0000000088b00000| PB 0x0000000088b00000| Untracked 
|  52|0x0000000088c00000, 0x0000000088c00000, 0x0000000088d00000|  0%| F|  |TAMS 0x0000000088c00000| PB 0x0000000088c00000| Untracked 
|  53|0x0000000088d00000, 0x0000000088d00000, 0x0000000088e00000|  0%| F|  |TAMS 0x0000000088d00000| PB 0x0000000088d00000| Untracked 
|  54|0x0000000088e00000, 0x0000000088e00000, 0x0000000088f00000|  0%| F|  |TAMS 0x0000000088e00000| PB 0x0000000088e00000| Untracked 
|  55|0x0000000088f00000, 0x0000000088f00000, 0x0000000089000000|  0%| F|  |TAMS 0x0000000088f00000| PB 0x0000000088f00000| Untracked 
|  56|0x0000000089000000, 0x0000000089000000, 0x0000000089100000|  0%| F|  |TAMS 0x0000000089000000| PB 0x0000000089000000| Untracked 
|  57|0x0000000089100000, 0x0000000089100000, 0x0000000089200000|  0%| F|  |TAMS 0x0000000089100000| PB 0x0000000089100000| Untracked 
|  58|0x0000000089200000, 0x0000000089200000, 0x0000000089300000|  0%| F|  |TAMS 0x0000000089200000| PB 0x0000000089200000| Untracked 
|  59|0x0000000089300000, 0x0000000089300000, 0x0000000089400000|  0%| F|  |TAMS 0x0000000089300000| PB 0x0000000089300000| Untracked 
|  60|0x0000000089400000, 0x0000000089400000, 0x0000000089500000|  0%| F|  |TAMS 0x0000000089400000| PB 0x0000000089400000| Untracked 
|  61|0x0000000089500000, 0x0000000089500000, 0x0000000089600000|  0%| F|  |TAMS 0x0000000089500000| PB 0x0000000089500000| Untracked 
|  62|0x0000000089600000, 0x0000000089600000, 0x0000000089700000|  0%| F|  |TAMS 0x0000000089600000| PB 0x0000000089600000| Untracked 
|  63|0x0000000089700000, 0x0000000089700000, 0x0000000089800000|  0%| F|  |TAMS 0x0000000089700000| PB 0x0000000089700000| Untracked 
|  64|0x0000000089800000, 0x0000000089800000, 0x0000000089900000|  0%| F|  |TAMS 0x0000000089800000| PB 0x0000000089800000| Untracked 
|  65|0x0000000089900000, 0x0000000089900000, 0x0000000089a00000|  0%| F|  |TAMS 0x0000000089900000| PB 0x0000000089900000| Untracked 
|  66|0x0000000089a00000, 0x0000000089a00000, 0x0000000089b00000|  0%| F|  |TAMS 0x0000000089a00000| PB 0x0000000089a00000| Untracked 
|  67|0x0000000089b00000, 0x0000000089b00000, 0x0000000089c00000|  0%| F|  |TAMS 0x0000000089b00000| PB 0x0000000089b00000| Untracked 
|  68|0x0000000089c00000, 0x0000000089c00000, 0x0000000089d00000|  0%| F|  |TAMS 0x0000000089c00000| PB 0x0000000089c00000| Untracked 
|  69|0x0000000089d00000, 0x0000000089d00000, 0x0000000089e00000|  0%| F|  |TAMS 0x0000000089d00000| PB 0x0000000089d00000| Untracked 
|  70|0x0000000089e00000, 0x0000000089e00000, 0x0000000089f00000|  0%| F|  |TAMS 0x0000000089e00000| PB 0x0000000089e00000| Untracked 
|  71|0x0000000089f00000, 0x0000000089f00000, 0x000000008a000000|  0%| F|  |TAMS 0x0000000089f00000| PB 0x0000000089f00000| Untracked 
|  72|0x000000008a000000, 0x000000008a000000, 0x000000008a100000|  0%| F|  |TAMS 0x000000008a000000| PB 0x000000008a000000| Untracked 
|  73|0x000000008a100000, 0x000000008a100000, 0x000000008a200000|  0%| F|  |TAMS 0x000000008a100000| PB 0x000000008a100000| Untracked 
|  74|0x000000008a200000, 0x000000008a200000, 0x000000008a300000|  0%| F|  |TAMS 0x000000008a200000| PB 0x000000008a200000| Untracked 
|  75|0x000000008a300000, 0x000000008a300000, 0x000000008a400000|  0%| F|  |TAMS 0x000000008a300000| PB 0x000000008a300000| Untracked 
|  76|0x000000008a400000, 0x000000008a400000, 0x000000008a500000|  0%| F|  |TAMS 0x000000008a400000| PB 0x000000008a400000| Untracked 
|  77|0x000000008a500000, 0x000000008a500000, 0x000000008a600000|  0%| F|  |TAMS 0x000000008a500000| PB 0x000000008a500000| Untracked 
|  78|0x000000008a600000, 0x000000008a600000, 0x000000008a700000|  0%| F|  |TAMS 0x000000008a600000| PB 0x000000008a600000| Untracked 
|  79|0x000000008a700000, 0x000000008a700000, 0x000000008a800000|  0%| F|  |TAMS 0x000000008a700000| PB 0x000000008a700000| Untracked 
|  80|0x000000008a800000, 0x000000008a800000, 0x000000008a900000|  0%| F|  |TAMS 0x000000008a800000| PB 0x000000008a800000| Untracked 
|  81|0x000000008a900000, 0x000000008a900000, 0x000000008aa00000|  0%| F|  |TAMS 0x000000008a900000| PB 0x000000008a900000| Untracked 
|  82|0x000000008aa00000, 0x000000008aa00000, 0x000000008ab00000|  0%| F|  |TAMS 0x000000008aa00000| PB 0x000000008aa00000| Untracked 
|  83|0x000000008ab00000, 0x000000008ab00000, 0x000000008ac00000|  0%| F|  |TAMS 0x000000008ab00000| PB 0x000000008ab00000| Untracked 
|  84|0x000000008ac00000, 0x000000008ac00000, 0x000000008ad00000|  0%| F|  |TAMS 0x000000008ac00000| PB 0x000000008ac00000| Untracked 
|  85|0x000000008ad00000, 0x000000008ad00000, 0x000000008ae00000|  0%| F|  |TAMS 0x000000008ad00000| PB 0x000000008ad00000| Untracked 
|  86|0x000000008ae00000, 0x000000008ae00000, 0x000000008af00000|  0%| F|  |TAMS 0x000000008ae00000| PB 0x000000008ae00000| Untracked 
|  87|0x000000008af00000, 0x000000008af00000, 0x000000008b000000|  0%| F|  |TAMS 0x000000008af00000| PB 0x000000008af00000| Untracked 
|  88|0x000000008b000000, 0x000000008b000000, 0x000000008b100000|  0%| F|  |TAMS 0x000000008b000000| PB 0x000000008b000000| Untracked 
|  89|0x000000008b100000, 0x000000008b100000, 0x000000008b200000|  0%| F|  |TAMS 0x000000008b100000| PB 0x000000008b100000| Untracked 
|  90|0x000000008b200000, 0x000000008b200000, 0x000000008b300000|  0%| F|  |TAMS 0x000000008b200000| PB 0x000000008b200000| Untracked 
|  91|0x000000008b300000, 0x000000008b300000, 0x000000008b400000|  0%| F|  |TAMS 0x000000008b300000| PB 0x000000008b300000| Untracked 
|  92|0x000000008b400000, 0x000000008b400000, 0x000000008b500000|  0%| F|  |TAMS 0x000000008b400000| PB 0x000000008b400000| Untracked 
|  93|0x000000008b500000, 0x000000008b500000, 0x000000008b600000|  0%| F|  |TAMS 0x000000008b500000| PB 0x000000008b500000| Untracked 
|  94|0x000000008b600000, 0x000000008b600000, 0x000000008b700000|  0%| F|  |TAMS 0x000000008b600000| PB 0x000000008b600000| Untracked 
|  95|0x000000008b700000, 0x000000008b700000, 0x000000008b800000|  0%| F|  |TAMS 0x000000008b700000| PB 0x000000008b700000| Untracked 
|  96|0x000000008b800000, 0x000000008b800000, 0x000000008b900000|  0%| F|  |TAMS 0x000000008b800000| PB 0x000000008b800000| Untracked 
|  97|0x000000008b900000, 0x000000008b900000, 0x000000008ba00000|  0%| F|  |TAMS 0x000000008b900000| PB 0x000000008b900000| Untracked 
|  98|0x000000008ba00000, 0x000000008ba00000, 0x000000008bb00000|  0%| F|  |TAMS 0x000000008ba00000| PB 0x000000008ba00000| Untracked 
|  99|0x000000008bb00000, 0x000000008bb00000, 0x000000008bc00000|  0%| F|  |TAMS 0x000000008bb00000| PB 0x000000008bb00000| Untracked 
| 100|0x000000008bc00000, 0x000000008bc00000, 0x000000008bd00000|  0%| F|  |TAMS 0x000000008bc00000| PB 0x000000008bc00000| Untracked 
| 101|0x000000008bd00000, 0x000000008bd00000, 0x000000008be00000|  0%| F|  |TAMS 0x000000008bd00000| PB 0x000000008bd00000| Untracked 
| 102|0x000000008be00000, 0x000000008be00000, 0x000000008bf00000|  0%| F|  |TAMS 0x000000008be00000| PB 0x000000008be00000| Untracked 
| 103|0x000000008bf00000, 0x000000008bf00000, 0x000000008c000000|  0%| F|  |TAMS 0x000000008bf00000| PB 0x000000008bf00000| Untracked 
| 104|0x000000008c000000, 0x000000008c000000, 0x000000008c100000|  0%| F|  |TAMS 0x000000008c000000| PB 0x000000008c000000| Untracked 
| 105|0x000000008c100000, 0x000000008c100000, 0x000000008c200000|  0%| F|  |TAMS 0x000000008c100000| PB 0x000000008c100000| Untracked 
| 106|0x000000008c200000, 0x000000008c200000, 0x000000008c300000|  0%| F|  |TAMS 0x000000008c200000| PB 0x000000008c200000| Untracked 
| 107|0x000000008c300000, 0x000000008c300000, 0x000000008c400000|  0%| F|  |TAMS 0x000000008c300000| PB 0x000000008c300000| Untracked 
| 108|0x000000008c400000, 0x000000008c400000, 0x000000008c500000|  0%| F|  |TAMS 0x000000008c400000| PB 0x000000008c400000| Untracked 
| 109|0x000000008c500000, 0x000000008c500000, 0x000000008c600000|  0%| F|  |TAMS 0x000000008c500000| PB 0x000000008c500000| Untracked 
| 110|0x000000008c600000, 0x000000008c600000, 0x000000008c700000|  0%| F|  |TAMS 0x000000008c600000| PB 0x000000008c600000| Untracked 
| 111|0x000000008c700000, 0x000000008c700000, 0x000000008c800000|  0%| F|  |TAMS 0x000000008c700000| PB 0x000000008c700000| Untracked 
| 112|0x000000008c800000, 0x000000008c800000, 0x000000008c900000|  0%| F|  |TAMS 0x000000008c800000| PB 0x000000008c800000| Untracked 
| 113|0x000000008c900000, 0x000000008c900000, 0x000000008ca00000|  0%| F|  |TAMS 0x000000008c900000| PB 0x000000008c900000| Untracked 
| 114|0x000000008ca00000, 0x000000008ca00000, 0x000000008cb00000|  0%| F|  |TAMS 0x000000008ca00000| PB 0x000000008ca00000| Untracked 
| 115|0x000000008cb00000, 0x000000008cb00000, 0x000000008cc00000|  0%| F|  |TAMS 0x000000008cb00000| PB 0x000000008cb00000| Untracked 
| 116|0x000000008cc00000, 0x000000008cc00000, 0x000000008cd00000|  0%| F|  |TAMS 0x000000008cc00000| PB 0x000000008cc00000| Untracked 
| 117|0x000000008cd00000, 0x000000008cd00000, 0x000000008ce00000|  0%| F|  |TAMS 0x000000008cd00000| PB 0x000000008cd00000| Untracked 
| 118|0x000000008ce00000, 0x000000008ce00000, 0x000000008cf00000|  0%| F|  |TAMS 0x000000008ce00000| PB 0x000000008ce00000| Untracked 
| 119|0x000000008cf00000, 0x000000008cf00000, 0x000000008d000000|  0%| F|  |TAMS 0x000000008cf00000| PB 0x000000008cf00000| Untracked 
| 120|0x000000008d000000, 0x000000008d000000, 0x000000008d100000|  0%| F|  |TAMS 0x000000008d000000| PB 0x000000008d000000| Untracked 
| 121|0x000000008d100000, 0x000000008d100000, 0x000000008d200000|  0%| F|  |TAMS 0x000000008d100000| PB 0x000000008d100000| Untracked 
| 122|0x000000008d200000, 0x000000008d200000, 0x000000008d300000|  0%| F|  |TAMS 0x000000008d200000| PB 0x000000008d200000| Untracked 
| 123|0x000000008d300000, 0x000000008d375c38, 0x000000008d400000| 46%| E|  |TAMS 0x000000008d300000| PB 0x000000008d300000| Complete 
|1958|0x00000000ffe00000, 0x00000000fff00000, 0x00000000fff00000|100%| O|  |TAMS 0x00000000ffe00000| PB 0x00000000ffe00000| Untracked 
|1959|0x00000000fff00000, 0x00000000fff0c670, 0x0000000100000000|  4%| O|  |TAMS 0x00000000fff00000| PB 0x00000000fff00000| Untracked 

Card table byte_map: [0x0000ffff93600000,0x0000ffff939d4000] _byte_map_base: 0x0000ffff931d4000

Marking Bits: (CMBitMap*) 0x0000ffffac081110
 Bits: [0x0000ffff91600000, 0x0000ffff934a0000)

Polling page: 0x0000ffffb1d94000

Metaspace:

Usage:
  Non-class:    304 bytes used.
      Class:    976 bytes used.
       Both:      1.25 KB used.

Virtual space:
  Non-class space:       64.00 MB reserved,      64.00 KB ( <1%) committed,  1 nodes.
      Class space:        1.00 GB reserved,      64.00 KB ( <1%) committed,  1 nodes.
             Both:        1.06 GB reserved,     128.00 KB ( <1%) committed. 

Chunk freelists:
   Non-Class:  12.00 MB
       Class:  15.75 MB
        Both:  27.75 MB

MaxMetaspaceSize: unlimited
CompressedClassSpaceSize: 1.00 GB
Initial GC threshold: 21.00 MB
Current GC threshold: 17179869184.00 GB
CDS: on
 - commit_granule_bytes: 65536.
 - commit_granule_words: 8192.
 - virtual_space_node_default_size: 8388608.
 - enlarge_chunks_in_place: 1.
 - use_allocation_guard: 0.


Internal statistics:

num_allocs_failed_limit: 0.
num_arena_births: 2.
num_arena_deaths: 0.
num_vsnodes_births: 2.
num_vsnodes_deaths: 0.
num_space_committed: 2.
num_space_uncommitted: 0.
num_chunks_returned_to_freelist: 0.
num_chunks_taken_from_freelist: 3.
num_chunk_merges: 0.
num_chunk_splits: 2.
num_chunks_enlarged: 0.
num_inconsistent_stats: 0.

CodeHeap 'non-profiled nmethods': size=120028Kb used=0Kb max_used=0Kb free=120028Kb
 bounds [0x0000ffff9c2c9000, 0x0000ffff9c539000, 0x0000ffffa3800000]
CodeHeap 'profiled nmethods': size=120028Kb used=0Kb max_used=0Kb free=120028Kb
 bounds [0x0000ffff94800000, 0x0000ffff94a70000, 0x0000ffff9bd37000]
CodeHeap 'non-nmethods': size=5704Kb used=376Kb max_used=376Kb free=5327Kb
 bounds [0x0000ffff9bd37000, 0x0000ffff9bfa7000, 0x0000ffff9c2c9000]
 total_blobs=92 nmethods=0 adapters=67
 compilation: enabled
              stopped_count=0, restarted_count=0
 full_count=0

Compilation events (0 events):
No events

GC Heap History (0 events):
No events

Dll operation events (1 events):
Event: 0.001 Loaded shared library /opt/java/openjdk/lib/libjava.so

Deoptimization events (0 events):
No events

Classes loaded (0 events):
No events

Classes unloaded (0 events):
No events

Classes redefined (0 events):
No events

Internal exceptions (0 events):
No events

ZGC Phase Switch (0 events):
No events

VM Operations (0 events):
No events

Memory protections (1 events):
Event: 0.001 Protecting memory [0x0000ffffb0352000,0x0000ffffb0356000] with protection modes 0

Nmethod flushes (0 events):
No events

Events (1 events):
Event: 0.007 Thread 0x0000ffffac02a6d0 Thread added: 0x0000ffffac02a6d0


Dynamic libraries:
85800000-8d400000 rw-p 00000000 00:00 0 
8d400000-ffe00000 ---p 00000000 00:00 0 
ffe00000-fff0d000 rw-p 00cf0000 00:3e 33859866                           /opt/java/openjdk/lib/server/classes.jsa
fff0d000-100000000 rw-p 00000000 00:00 0 
e800000000-e800480000 rw-p 00010000 00:3e 33859866                       /opt/java/openjdk/lib/server/classes.jsa
e800480000-e800ca0000 rw-p 00490000 00:3e 33859866                       /opt/java/openjdk/lib/server/classes.jsa
e800ca0000-e801040000 ---p 00000000 00:00 0 
e801040000-e801050000 rw-p 00000000 00:00 0 
e801050000-e841000000 ---p 00000000 00:00 0 
aaaade0d0000-aaaade0d1000 r-xp 00000000 00:3e 33859368                   /opt/java/openjdk/bin/java
aaaade0ef000-aaaade0f0000 r--p 0000f000 00:3e 33859368                   /opt/java/openjdk/bin/java
aaaade0f0000-aaaade0f1000 rw-p 00010000 00:3e 33859368                   /opt/java/openjdk/bin/java
aaaafdb2b000-aaaafdb5e000 rw-p 00000000 00:00 0                          [heap]
ffff64000000-ffff64021000 rw-p 00000000 00:00 0 
ffff64021000-ffff68000000 ---p 00000000 00:00 0 
ffff68000000-ffff68010000 rw-p 00000000 00:00 0 
ffff68010000-ffff6c000000 ---p 00000000 00:00 0 
ffff6c000000-ffff6c021000 rw-p 00000000 00:00 0 
ffff6c021000-ffff70000000 ---p 00000000 00:00 0 
ffff74000000-ffff74021000 rw-p 00000000 00:00 0 
ffff74021000-ffff78000000 ---p 00000000 00:00 0 
ffff78000000-ffff78021000 rw-p 00000000 00:00 0 
ffff78021000-ffff7c000000 ---p 00000000 00:00 0 
ffff80000000-ffff80021000 rw-p 00000000 00:00 0 
ffff80021000-ffff84000000 ---p 00000000 00:00 0 
ffff84000000-ffff84021000 rw-p 00000000 00:00 0 
ffff84021000-ffff88000000 ---p 00000000 00:00 0 
ffff88800000-ffff88ac2000 rw-p 00000000 00:00 0 
ffff88c00000-ffff88e07000 rw-p 00000000 00:00 0 
ffff89000000-ffff89010000 ---p 00000000 00:00 0 
ffff89010000-ffff8920e000 rw-p 00000000 00:00 0 
ffff89400000-ffff89410000 ---p 00000000 00:00 0 
ffff89410000-ffff8960e000 rw-p 00000000 00:00 0 
ffff89800000-ffff89810000 ---p 00000000 00:00 0 
ffff89810000-ffff89a0e000 rw-p 00000000 00:00 0 
ffff89c00000-ffff89c10000 ---p 00000000 00:00 0 
ffff89c10000-ffff89e0e000 rw-p 00000000 00:00 0 
ffff8a000000-ffff8c021000 rw-p 00000000 00:00 0 
ffff8c021000-ffff90000000 ---p 00000000 00:00 0 
ffff903fa000-ffff90a00000 rw-p 00000000 00:00 0 
ffff90a00000-ffff90a10000 ---p 00000000 00:00 0 
ffff90a10000-ffff90c0e000 rw-p 00000000 00:00 0 
ffff90cff000-ffff90e00000 rw-p 00000000 00:00 0 
ffff90e00000-ffff90e10000 ---p 00000000 00:00 0 
ffff90e10000-ffff9100e000 rw-p 00000000 00:00 0 
ffff910ff000-ffff91200000 rw-p 00000000 00:00 0 
ffff91200000-ffff91210000 ---p 00000000 00:00 0 
ffff91210000-ffff9140e000 rw-p 00000000 00:00 0 
ffff914ff000-ffff917f0000 rw-p 00000000 00:00 0 
ffff917f0000-ffff93498000 ---p 00000000 00:00 0 
ffff93498000-ffff934a0000 rw-p 00000000 00:00 0 
ffff934ff000-ffff9363e000 rw-p 00000000 00:00 0 
ffff9363e000-ffff939d3000 ---p 00000000 00:00 0 
ffff939d3000-ffff939d4000 rw-p 00000000 00:00 0 
ffff93a00000-ffff93a3e000 rw-p 00000000 00:00 0 
ffff93a3e000-ffff93dd3000 ---p 00000000 00:00 0 
ffff93dd3000-ffff93dd4000 rw-p 00000000 00:00 0 
ffff93df7000-ffff94800000 rw-p 00000000 00:00 0 
ffff94800000-ffff94a70000 rwxp 00000000 00:00 0 
ffff94a70000-ffff9bd37000 ---p 00000000 00:00 0 
ffff9bd37000-ffff9bfa7000 rwxp 00000000 00:00 0 
ffff9bfa7000-ffff9c2c9000 ---p 00000000 00:00 0 
ffff9c2c9000-ffff9c539000 rwxp 00000000 00:00 0 
ffff9c539000-ffffa3800000 ---p 00000000 00:00 0 
ffffa3800000-ffffabf87000 r--s 00000000 00:3e 33859857                   /opt/java/openjdk/lib/modules
ffffabfa5000-ffffac168000 rw-p 00000000 00:00 0 
ffffac168000-ffffb0000000 ---p 00000000 00:00 0 
ffffb003a000-ffffb0181000 rw-p 00000000 00:00 0 
ffffb0181000-ffffb0267000 ---p 00000000 00:00 0 
ffffb0267000-ffffb026c000 rw-p 00000000 00:00 0 
ffffb026c000-ffffb0352000 ---p 00000000 00:00 0 
ffffb0352000-ffffb0356000 ---p 00000000 00:00 0 
ffffb0356000-ffffb0550000 rw-p 00000000 00:00 0 
ffffb0550000-ffffb05d5000 r-xp 00000000 00:3e 33854007                   /usr/lib/aarch64-linux-gnu/libm.so.6
ffffb05d5000-ffffb05ef000 ---p 00085000 00:3e 33854007                   /usr/lib/aarch64-linux-gnu/libm.so.6
ffffb05ef000-ffffb05f0000 r--p 0008f000 00:3e 33854007                   /usr/lib/aarch64-linux-gnu/libm.so.6
ffffb05f0000-ffffb05f1000 rw-p 00090000 00:3e 33854007                   /usr/lib/aarch64-linux-gnu/libm.so.6
ffffb0600000-ffffb1877000 r-xp 00000000 00:3e 33859869                   /opt/java/openjdk/lib/server/libjvm.so
ffffb1877000-ffffb1892000 ---p 01277000 00:3e 33859869                   /opt/java/openjdk/lib/server/libjvm.so
ffffb1892000-ffffb1970000 r--p 01282000 00:3e 33859869                   /opt/java/openjdk/lib/server/libjvm.so
ffffb1970000-ffffb19a2000 rw-p 01360000 00:3e 33859869                   /opt/java/openjdk/lib/server/libjvm.so
ffffb19a2000-ffffb1a26000 rw-p 00000000 00:00 0 
ffffb1a40000-ffffb1a61000 r-xp 00000000 00:3e 33859833                   /opt/java/openjdk/lib/libjava.so
ffffb1a61000-ffffb1a7f000 ---p 00021000 00:3e 33859833                   /opt/java/openjdk/lib/libjava.so
ffffb1a7f000-ffffb1a80000 r--p 0002f000 00:3e 33859833                   /opt/java/openjdk/lib/libjava.so
ffffb1a80000-ffffb1a81000 rw-p 00030000 00:3e 33859833                   /opt/java/openjdk/lib/libjava.so
ffffb1a81000-ffffb1a82000 rw-p 00000000 00:00 0 
ffffb1a90000-ffffb1aab000 r-xp 00000000 00:3e 33859837                   /opt/java/openjdk/lib/libjimage.so
ffffb1aab000-ffffb1abe000 ---p 0001b000 00:3e 33859837                   /opt/java/openjdk/lib/libjimage.so
ffffb1abe000-ffffb1ac0000 r--p 0001e000 00:3e 33859837                   /opt/java/openjdk/lib/libjimage.so
ffffb1ac0000-ffffb1ac1000 rw-p 00020000 00:3e 33859837                   /opt/java/openjdk/lib/libjimage.so
ffffb1ad0000-ffffb1ad1000 r-xp 00000000 00:3e 33854046                   /usr/lib/aarch64-linux-gnu/librt.so.1
ffffb1ad1000-ffffb1aef000 ---p 00001000 00:3e 33854046                   /usr/lib/aarch64-linux-gnu/librt.so.1
ffffb1aef000-ffffb1af0000 r--p 0000f000 00:3e 33854046                   /usr/lib/aarch64-linux-gnu/librt.so.1
ffffb1af0000-ffffb1af1000 rw-p 00010000 00:3e 33854046                   /usr/lib/aarch64-linux-gnu/librt.so.1
ffffb1b00000-ffffb1c9a000 r-xp 00000000 00:3e 33853965                   /usr/lib/aarch64-linux-gnu/libc.so.6
ffffb1c9a000-ffffb1cad000 ---p 0019a000 00:3e 33853965                   /usr/lib/aarch64-linux-gnu/libc.so.6
ffffb1cad000-ffffb1cb0000 r--p 0019d000 00:3e 33853965                   /usr/lib/aarch64-linux-gnu/libc.so.6
ffffb1cb0000-ffffb1cb2000 rw-p 001a0000 00:3e 33853965                   /usr/lib/aarch64-linux-gnu/libc.so.6
ffffb1cb2000-ffffb1cbe000 rw-p 00000000 00:00 0 
ffffb1cc0000-ffffb1cc1000 r-xp 00000000 00:3e 33853979                   /usr/lib/aarch64-linux-gnu/libdl.so.2
ffffb1cc1000-ffffb1cdf000 ---p 00001000 00:3e 33853979                   /usr/lib/aarch64-linux-gnu/libdl.so.2
ffffb1cdf000-ffffb1ce0000 r--p 0000f000 00:3e 33853979                   /usr/lib/aarch64-linux-gnu/libdl.so.2
ffffb1ce0000-ffffb1ce1000 rw-p 00010000 00:3e 33853979                   /usr/lib/aarch64-linux-gnu/libdl.so.2
ffffb1cf0000-ffffb1cf1000 r-xp 00000000 00:3e 33854044                   /usr/lib/aarch64-linux-gnu/libpthread.so.0
ffffb1cf1000-ffffb1d0f000 ---p 00001000 00:3e 33854044                   /usr/lib/aarch64-linux-gnu/libpthread.so.0
ffffb1d0f000-ffffb1d10000 r--p 0000f000 00:3e 33854044                   /usr/lib/aarch64-linux-gnu/libpthread.so.0
ffffb1d10000-ffffb1d11000 rw-p 00010000 00:3e 33854044                   /usr/lib/aarch64-linux-gnu/libpthread.so.0
ffffb1d20000-ffffb1d38000 r-xp 00000000 00:3e 33859838                   /opt/java/openjdk/lib/libjli.so
ffffb1d38000-ffffb1d4f000 ---p 00018000 00:3e 33859838                   /opt/java/openjdk/lib/libjli.so
ffffb1d4f000-ffffb1d50000 r--p 0001f000 00:3e 33859838                   /opt/java/openjdk/lib/libjli.so
ffffb1d50000-ffffb1d51000 rw-p 00020000 00:3e 33859838                   /opt/java/openjdk/lib/libjli.so
ffffb1d52000-ffffb1d57000 rw-p 00000000 00:00 0 
ffffb1d57000-ffffb1d5e000 ---p 00000000 00:00 0 
ffffb1d5e000-ffffb1d85000 r-xp 00000000 00:3e 33853945                   /usr/lib/aarch64-linux-gnu/ld-linux-aarch64.so.1
ffffb1d8a000-ffffb1d92000 rw-s 00000000 00:3e 33866530                   /tmp/hsperfdata_root/143
ffffb1d92000-ffffb1d94000 rw-p 00000000 00:00 0 
ffffb1d94000-ffffb1d95000 ---p 00000000 00:00 0 
ffffb1d95000-ffffb1d96000 r--p 00000000 00:00 0 
ffffb1d96000-ffffb1d97000 ---p 00000000 00:00 0 
ffffb1d97000-ffffb1d99000 rw-p 00000000 00:00 0 
ffffb1d99000-ffffb1d9b000 r--p 00000000 00:00 0                          [vvar]
ffffb1d9b000-ffffb1d9c000 r-xp 00000000 00:00 0                          [vdso]
ffffb1d9c000-ffffb1d9e000 r--p 0002e000 00:3e 33853945                   /usr/lib/aarch64-linux-gnu/ld-linux-aarch64.so.1
ffffb1d9e000-ffffb1da0000 rw-p 00030000 00:3e 33853945                   /usr/lib/aarch64-linux-gnu/ld-linux-aarch64.so.1
ffffda609000-ffffda62a000 rw-p 00000000 00:00 0                          [stack]
Total number of mappings: 126


VM Arguments:
java_command: io.quarkus.grpc.protoc.plugin.MutinyGrpcGenerator
java_class_path (initial): /root/.m2/repository/io/quarkus/quarkus-grpc-protoc-plugin/3.21.0/quarkus-grpc-protoc-plugin-3.21.0-shaded.jar
Launcher Type: SUN_STANDARD

[Global flags]
     intx CICompilerCount                          = 4                                         {product} {ergonomic}
     uint ConcGCThreads                            = 3                                         {product} {ergonomic}
     uint G1ConcRefinementThreads                  = 10                                        {product} {ergonomic}
   size_t G1HeapRegionSize                         = 1048576                                   {product} {ergonomic}
    uintx GCDrainStackTargetSize                   = 64                                        {product} {ergonomic}
   size_t InitialHeapSize                          = 130023424                                 {product} {ergonomic}
   size_t MarkStackSize                            = 4194304                                   {product} {ergonomic}
   size_t MaxHeapSize                              = 2055208960                                {product} {ergonomic}
   size_t MaxNewSize                               = 1233125376                                {product} {ergonomic}
   size_t MinHeapDeltaBytes                        = 1048576                                   {product} {ergonomic}
   size_t MinHeapSize                              = 8388608                                   {product} {ergonomic}
    uintx NonNMethodCodeHeapSize                   = 5839564                                {pd product} {ergonomic}
    uintx NonProfiledCodeHeapSize                  = 122909338                              {pd product} {ergonomic}
    uintx ProfiledCodeHeapSize                     = 122909338                              {pd product} {ergonomic}
    uintx ReservedCodeCacheSize                    = 251658240                              {pd product} {ergonomic}
     bool SegmentedCodeCache                       = true                                      {product} {ergonomic}
   size_t SoftMaxHeapSize                          = 2055208960                             {manageable} {ergonomic}
     bool UseCompressedOops                        = true                           {product lp64_product} {ergonomic}
     bool UseG1GC                                  = true                                      {product} {ergonomic}

Logging:
Log output configuration:
 #0: stdout all=warning uptime,level,tags foldmultilines=false
 #1: stderr all=off uptime,level,tags foldmultilines=false

Environment Variables:
JAVA_HOME=/opt/java/openjdk
PATH=/opt/java/openjdk/bin:/usr/local/sbin:/usr/local/bin:/usr/sbin:/usr/bin:/sbin:/bin
LANG=en_US.UTF-8
LC_ALL=en_US.UTF-8
TERM=xterm

Active Locale:
LC_ALL=C
LC_COLLATE=C
LC_CTYPE=C
LC_MESSAGES=C
LC_MONETARY=C
LC_NUMERIC=C
LC_TIME=C

Signal Handlers:
   SIGSEGV: crash_handler in libjvm.so, mask=11100100010111111101111111111110, flags=SA_RESTART|SA_SIGINFO, unblocked
    SIGBUS: crash_handler in libjvm.so, mask=11100100010111111101111111111110, flags=SA_RESTART|SA_SIGINFO, unblocked
    SIGFPE: crash_handler in libjvm.so, mask=11100100010111111101111111111110, flags=SA_RESTART|SA_SIGINFO, unblocked
   SIGPIPE: javaSignalHandler in libjvm.so, mask=11100100010111111101111111111110, flags=SA_RESTART|SA_SIGINFO, blocked
   SIGXFSZ: javaSignalHandler in libjvm.so, mask=11100100010111111101111111111110, flags=SA_RESTART|SA_SIGINFO, blocked
    SIGILL: crash_handler in libjvm.so, mask=11100100010111111101111111111110, flags=SA_RESTART|SA_SIGINFO, unblocked
   SIGUSR2: SR_handler in libjvm.so, mask=00000000000000000000000000000000, flags=SA_RESTART|SA_SIGINFO, blocked
    SIGHUP: SIG_DFL, mask=00000000000000000000000000000000, flags=none, blocked
    SIGINT: SIG_DFL, mask=00000000000000000000000000000000, flags=none, blocked
   SIGTERM: SIG_DFL, mask=00000000000000000000000000000000, flags=none, blocked
   SIGQUIT: UserHandler in libjvm.so, mask=11100100010111111101111111111110, flags=SA_RESTART|SA_SIGINFO, blocked
   SIGTRAP: crash_handler in libjvm.so, mask=11100100010111111101111111111110, flags=SA_RESTART|SA_SIGINFO, unblocked


Periodic native trim disabled

---------------  S Y S T E M  ---------------

OS:
DISTRIB_ID=Ubuntu
DISTRIB_RELEASE=24.04
DISTRIB_CODENAME=noble
DISTRIB_DESCRIPTION="Ubuntu 24.04.1 LTS"
uname: Linux 6.10.14-linuxkit #1 SMP Fri Nov 29 17:22:03 UTC 2024 aarch64
OS uptime: 0 days 0:34 hours
libc: glibc 2.39 NPTL 2.39 
rlimit (soft/hard): STACK 8192k/infinity , CORE 0k/infinity , NPROC infinity/infinity , NOFILE 1048576/1048576 , AS infinity/infinity , CPU infinity/infinity , DATA infinity/infinity , FSIZE infinity/infinity , MEMLOCK infinity/infinity
load average: 0.34 1.07 2.16

/proc/meminfo:
MemTotal:        8025084 kB
MemFree:         5006452 kB
MemAvailable:    6900212 kB
Buffers:          144812 kB
Cached:          1756436 kB
SwapCached:            0 kB
Active:          1025248 kB
Inactive:        1523268 kB
Active(anon):     649208 kB
Inactive(anon):        0 kB
Active(file):     376040 kB
Inactive(file):  1523268 kB
Unevictable:           0 kB
Mlocked:               0 kB
SwapTotal:       1048572 kB
SwapFree:        1048572 kB
Zswap:                 0 kB
Zswapped:              0 kB
Dirty:            232196 kB
Writeback:             0 kB
AnonPages:        617764 kB
Mapped:           188996 kB
Shmem:              1880 kB
KReclaimable:     197420 kB
Slab:             255264 kB
SReclaimable:     197420 kB
SUnreclaim:        57844 kB
KernelStack:        6560 kB
PageTables:         4460 kB
SecPageTables:         0 kB
NFS_Unstable:          0 kB
Bounce:                0 kB
WritebackTmp:          0 kB
CommitLimit:     5061112 kB
Committed_AS:    1956964 kB
VmallocTotal:   135288315904 kB
VmallocUsed:        5520 kB
VmallocChunk:          0 kB
Percpu:             4272 kB
AnonHugePages:    301056 kB
ShmemHugePages:        0 kB
ShmemPmdMapped:        0 kB
FileHugePages:         0 kB
FilePmdMapped:         0 kB
HugePages_Total:       0
HugePages_Free:        0
HugePages_Rsvd:        0
HugePages_Surp:        0
Hugepagesize:       2048 kB
Hugetlb:               0 kB

/sys/kernel/mm/transparent_hugepage/enabled: [always] madvise never
/sys/kernel/mm/transparent_hugepage/hpage_pmd_size: 2097152
/sys/kernel/mm/transparent_hugepage/defrag (defrag/compaction efforts parameter): always defer defer+madvise [madvise] never

Process Memory:
Virtual Size: 4188840K (peak: 4188852K)
Resident Set Size: 38592K (peak: 38592K) (anon: 23008K, file: 15584K, shmem: 0K)
Swapped out: 0K
C-Heap outstanding allocations: 28146K, retained: 1037K
glibc malloc tunables: (default)

/proc/sys/kernel/threads-max (system-wide limit on the number of threads): 62646
/proc/sys/vm/max_map_count (maximum number of memory map areas a process may have): 262144
/proc/sys/vm/swappiness (control to define how aggressively the kernel swaps out anonymous memory): 60
/proc/sys/kernel/pid_max (system-wide limit on number of process identifiers): 99999

container (cgroup) information:
container_type: cgroupv2
cpu_cpuset_cpus: not supported
cpu_memory_nodes: not supported
active_processor_count: 12
cpu_quota: no quota
cpu_period: 100000
cpu_shares: no shares
memory_limit_in_bytes: unlimited
memory_and_swap_limit_in_bytes: unlimited
memory_soft_limit_in_bytes: unlimited
memory_usage_in_bytes: 538608 k
memory_max_usage_in_bytes: not supported
memory_swap_current_in_bytes: unlimited
memory_swap_max_limit_in_bytes: unlimited
maximum number of tasks: unlimited
current number of tasks: 58

Steal ticks since vm start: 0
Steal ticks percentage since vm start:  0.000

CPU: total 12 (initial active 12) 0x61:0x0:0x000:0, fp, asimd, evtstrm, aes, pmull, sha1, sha256, crc32, lse, dcpop, sha3, sha512, paca, sve2
/proc/cpuinfo:
processor	: 0
BogoMIPS	: 48.00
Features	: fp asimd evtstrm aes pmull sha1 sha2 crc32 atomics fphp asimdhp cpuid asimdrdm jscvt fcma lrcpc dcpop sha3 asimddp sha512 asimdfhm dit uscat ilrcpc flagm sb paca pacg dcpodp sve2 flagm2 frint svei8mm svebf16 bf16 afp sme
CPU implementer	: 0x61
CPU architecture: 8
CPU variant	: 0x0
CPU part	: 0x000
CPU revision	: 0

processor	: 1
BogoMIPS	: 48.00
Features	: fp asimd evtstrm aes pmull sha1 sha2 crc32 atomics fphp asimdhp cpuid asimdrdm jscvt fcma lrcpc dcpop sha3 asimddp sha512 asimdfhm dit uscat ilrcpc flagm sb paca pacg dcpodp sve2 flagm2 frint svei8mm svebf16 bf16 afp sme
CPU implementer	: 0x61
CPU architecture: 8
CPU variant	: 0x0
CPU part	: 0x000
CPU revision	: 0

processor	: 2
BogoMIPS	: 48.00
Features	: fp asimd evtstrm aes pmull sha1 sha2 crc32 atomics fphp asimdhp cpuid asimdrdm jscvt fcma lrcpc dcpop sha3 asimddp sha512 asimdfhm dit uscat ilrcpc flagm sb paca pacg dcpodp sve2 flagm2 frint svei8mm svebf16 bf16 afp sme
CPU implementer	: 0x61
CPU architecture: 8
CPU variant	: 0x0
CPU part	: 0x000
CPU revision	: 0

processor	: 3
BogoMIPS	: 48.00
Features	: fp asimd evtstrm aes pmull sha1 sha2 crc32 atomics fphp asimdhp cpuid asimdrdm jscvt fcma lrcpc dcpop sha3 asimddp sha512 asimdfhm dit uscat ilrcpc flagm sb paca pacg dcpodp sve2 flagm2 frint svei8mm svebf16 bf16 afp sme
CPU implementer	: 0x61
CPU architecture: 8
CPU variant	: 0x0
CPU part	: 0x000
CPU revision	: 0

processor	: 4
BogoMIPS	: 48.00
Features	: fp asimd evtstrm aes pmull sha1 sha2 crc32 atomics fphp asimdhp cpuid asimdrdm jscvt fcma lrcpc dcpop sha3 asimddp sha512 asimdfhm dit uscat ilrcpc flagm sb paca pacg dcpodp sve2 flagm2 frint svei8mm svebf16 bf16 afp sme
CPU implementer	: 0x61
CPU architecture: 8
CPU variant	: 0x0
CPU part	: 0x000
CPU revision	: 0

processor	: 5
BogoMIPS	: 48.00
Features	: fp asimd evtstrm aes pmull sha1 sha2 crc32 atomics fphp asimdhp cpuid asimdrdm jscvt fcma lrcpc dcpop sha3 asimddp sha512 asimdfhm dit uscat ilrcpc flagm sb paca pacg dcpodp sve2 flagm2 frint svei8mm svebf16 bf16 afp sme
CPU implementer	: 0x61
CPU architecture: 8
CPU variant	: 0x0
CPU part	: 0x000
CPU revision	: 0

processor	: 6
BogoMIPS	: 48.00
Features	: fp asimd evtstrm aes pmull sha1 sha2 crc32 atomics fphp asimdhp cpuid asimdrdm jscvt fcma lrcpc dcpop sha3 asimddp sha512 asimdfhm dit uscat ilrcpc flagm sb paca pacg dcpodp sve2 flagm2 frint svei8mm svebf16 bf16 afp sme
CPU implementer	: 0x61
CPU architecture: 8
CPU variant	: 0x0
CPU part	: 0x000
CPU revision	: 0

processor	: 7
BogoMIPS	: 48.00
Features	: fp asimd evtstrm aes pmull sha1 sha2 crc32 atomics fphp asimdhp cpuid asimdrdm jscvt fcma lrcpc dcpop sha3 asimddp sha512 asimdfhm dit uscat ilrcpc flagm sb paca pacg dcpodp sve2 flagm2 frint svei8mm svebf16 bf16 afp sme
CPU implementer	: 0x61
CPU architecture: 8
CPU variant	: 0x0
CPU part	: 0x000
CPU revision	: 0

processor	: 8
BogoMIPS	: 48.00
Features	: fp asimd evtstrm aes pmull sha1 sha2 crc32 atomics fphp asimdhp cpuid asimdrdm jscvt fcma lrcpc dcpop sha3 asimddp sha512 asimdfhm dit uscat ilrcpc flagm sb paca pacg dcpodp sve2 flagm2 frint svei8mm svebf16 bf16 afp sme
CPU implementer	: 0x61
CPU architecture: 8
CPU variant	: 0x0
CPU part	: 0x000
CPU revision	: 0

processor	: 9
BogoMIPS	: 48.00
Features	: fp asimd evtstrm aes pmull sha1 sha2 crc32 atomics fphp asimdhp cpuid asimdrdm jscvt fcma lrcpc dcpop sha3 asimddp sha512 asimdfhm dit uscat ilrcpc flagm sb paca pacg dcpodp sve2 flagm2 frint svei8mm svebf16 bf16 afp sme
CPU implementer	: 0x61
CPU architecture: 8
CPU variant	: 0x0
CPU part	: 0x000
CPU revision	: 0

processor	: 10
BogoMIPS	: 48.00
Features	: fp asimd evtstrm aes pmull sha1 sha2 crc32 atomics fphp asimdhp cpuid asimdrdm jscvt fcma lrcpc dcpop sha3 asimddp sha512 asimdfhm dit uscat ilrcpc flagm sb paca pacg dcpodp sve2 flagm2 frint svei8mm svebf16 bf16 afp sme
CPU implementer	: 0x61
CPU architecture: 8
CPU variant	: 0x0
CPU part	: 0x000
CPU revision	: 0

processor	: 11
BogoMIPS	: 48.00
Features	: fp asimd evtstrm aes pmull sha1 sha2 crc32 atomics fphp asimdhp cpuid asimdrdm jscvt fcma lrcpc dcpop sha3 asimddp sha512 asimdfhm dit uscat ilrcpc flagm sb paca pacg dcpodp sve2 flagm2 frint svei8mm svebf16 bf16 afp sme
CPU implementer	: 0x61
CPU architecture: 8
CPU variant	: 0x0
CPU part	: 0x000
CPU revision	: 0


Online cpus: 0-11
Offline cpus: 

Memory: 4k page, physical 8025084k(6900212k free), swap 1048572k(1048572k free)
Page Sizes: 4k

vm_info: OpenJDK 64-Bit Server VM (21.0.6+7-LTS) for linux-aarch64 JRE (21.0.6+7-LTS), built on 2025-01-21T00:00:00Z by "admin" with gcc 11.3.0

END.
