#
# A fatal error has been detected by the Java Runtime Environment:
#
#  SIGILL (0x4) at pc=0x0000ffffa3d3fc5c, pid=35, tid=50
#
# JRE version:  (21.0.6+7) (build )
# Java VM: OpenJDK 64-Bit Server VM (21.0.6+7-LTS, mixed mode, sharing, tiered, compressed oops, compressed class ptrs, g1 gc, linux-aarch64)
# Problematic frame:
# j  java.lang.System.registerNatives()V+0 java.base@21.0.6
#
# No core dump will be written. Core dumps have been disabled. To enable core dumping, try "ulimit -c unlimited" before starting Java again
#
# The crash happened outside the Java Virtual Machine in native code.
# See problematic frame for where to report the bug.
#

---------------  S U M M A R Y ------------

Command Line: -Dclassworlds.conf=/usr/share/maven/bin/m2.conf -Dmaven.home=/usr/share/maven -Dlibrary.jansi.path=/usr/share/maven/lib/jansi-native -Dmaven.multiModuleProjectDirectory=/work org.codehaus.plexus.classworlds.launcher.Launcher clean verify

Host: AArch64, 12 cores, 7G, Ubuntu 24.04.1 LTS
Time: Thu Mar 27 02:33:15 2025 UTC elapsed time: 0.017369 seconds (0d 0h 0m 0s)

---------------  T H R E A D  ---------------

Current thread (0x0000ffffb402ab00):  JavaThread "Unknown thread" [_thread_in_native, id=50, stack(0x0000ffffbb002000,0x0000ffffbb200000) (2040K)]

Stack: [0x0000ffffbb002000,0x0000ffffbb200000],  sp=0x0000ffffbb1fdfe0,  free space=2031k
Native frames: (J=compiled Java code, j=interpreted, Vv=VM code, C=native code)
j  java.lang.System.registerNatives()V+0 java.base@21.0.6
j  java.lang.System.<clinit>()V+0 java.base@21.0.6
v  ~StubRoutines::call_stub 0x0000ffffa3d37158
V  [libjvm.so+0x835f58]  JavaCalls::call_helper(JavaValue*, methodHandle const&, JavaCallArguments*, JavaThread*)+0x218
V  [libjvm.so+0x811398]  InstanceKlass::call_class_initializer(JavaThread*)+0x284
V  [libjvm.so+0x811ee0]  InstanceKlass::initialize_impl(JavaThread*)+0x370
V  [libjvm.so+0xddee68]  Threads::initialize_java_lang_classes(JavaThread*, JavaThread*)+0xe8
V  [libjvm.so+0xde0f24]  Threads::create_vm(JavaVMInitArgs*, bool*)+0x3f4
V  [libjvm.so+0x8c8fa4]  JNI_CreateJavaVM+0x80
C  [libjli.so+0x8bcc]  JavaMain+0x7c
C  [libjli.so+0xc1cc]  ThreadJavaMain+0xc
C  [libc.so.6+0x8597c]
Java frames: (J=compiled Java code, j=interpreted, Vv=VM code)
j  java.lang.System.registerNatives()V+0 java.base@21.0.6
j  java.lang.System.<clinit>()V+0 java.base@21.0.6
v  ~StubRoutines::call_stub 0x0000ffffa3d37158

siginfo: si_signo: 4 (SIGILL), si_code: 1 (ILL_ILLOPC), si_addr: 0x0000ffffa3d3fc5c

Registers:
R0=0x0000000000000000
R1=0x0000000000000000
R2=0x0000000000000000
R3=0x0000000000000000
R4=0x000000009aeaffff
R5=0x0000ffffbc584350
R6=0x000000000000ffff
R7=0x000000000000000d
R8=0x0000000000000000
R9=0x000000000000000c
R10=0x000000000000000d
R11=0x000000f800484d20
R12=0x000000f80001ae68
R13=0x000000f8006433c0
R14=0x0000000000000000
R15=0x0000000000000000
R16=0x0000ffffbc56f838
R17=0x0000ffffbc80a940
R18=0x000000f80001ad50
R19=0x0000ffffa3d3d8f0
R20=0x0000ffffbb1fdfe0
R21=0x0000ffffbc6112d0
R22=0x0000000000000000
R23=0x0000ffffa3d3ea40
R24=0x0000ffffbb1fe068
R25=0x0000ffffbb1fe260
R26=0x000000f800003140
R27=0x0000000000000000
R28=0x0000ffffb402ab00
R29=0x0000ffffbb1fe050
R30=0x0000ffffa3d3fc40


Register to memory mapping:

R0 =0x0 is null
R1 =0x0 is null
R2 =0x0 is null
R3 =0x0 is null
R4 =0x000000009aeaffff is an unallocated location in the heap
R5 =0x0000ffffbc584350: <offset 0x0000000001384350> in /opt/java/openjdk/lib/server/libjvm.so at 0x0000ffffbb200000
R6 =0x000000000000ffff is an unknown value
R7 =0x000000000000000d is an unknown value
R8 =0x0 is null
R9 =0x000000000000000c is an unknown value
R10=0x000000000000000d is an unknown value
R11=0x000000f800484d20 is pointing into metadata
R12={method} {0x000000f80001ae68} 'registerNatives' '()V' in 'java/lang/System'
R13=0x000000f8006433c0 is pointing into metadata
R14=0x0 is null
R15=0x0 is null
R16=0x0000ffffbc56f838: <offset 0x000000000136f838> in /opt/java/openjdk/lib/server/libjvm.so at 0x0000ffffbb200000
R17=0x0000ffffbc80a940: __memcmpeq+0x0000000000000000 in /lib/aarch64-linux-gnu/libc.so.6 at 0x0000ffffbc770000
R18={method} {0x000000f80001ad50} 'arraycopy' '(Ljava/lang/Object;ILjava/lang/Object;II)V' in 'java/lang/System'
R19=0x0000ffffa3d3d8f0 is at code_begin+48 in an Interpreter codelet
result handlers for native calls  [0x0000ffffa3d3d8c0, 0x0000ffffa3d3d908]  72 bytes
R20=0x0000ffffbb1fdfe0 is pointing into the stack for thread: 0x0000ffffb402ab00
R21=0x0000ffffbc6112d0: <offset 0x00000000014112d0> in /opt/java/openjdk/lib/server/libjvm.so at 0x0000ffffbb200000
R22=0x0 is null
R23=0x0000ffffa3d3ea40 is at code_begin+0 in an Interpreter codelet
method entry point (kind = zerolocals)  [0x0000ffffa3d3ea40, 0x0000ffffa3d3edd8]  920 bytes
R24=0x0000ffffbb1fe068 is pointing into the stack for thread: 0x0000ffffb402ab00
R25=0x0000ffffbb1fe260 is pointing into the stack for thread: 0x0000ffffb402ab00
R26=0x000000f800003140 is pointing into metadata
R27=0x0 is null
R28=0x0000ffffb402ab00 is a thread
R29=0x0000ffffbb1fe050 is pointing into the stack for thread: 0x0000ffffb402ab00
R30=0x0000ffffa3d3fc40 is at code_begin+896 in an Interpreter codelet
native method entry point (kind = native)  [0x0000ffffa3d3f8c0, 0x0000ffffa3d400c0]  2048 bytes
R31=0x0000ffffbb1fdfe0 is pointing into the stack for thread: 0x0000ffffb402ab00

Top of Stack: (sp=0x0000ffffbb1fdfe0)
0x0000ffffbb1fdfe0:   0000000000000000 0000000000000000
0x0000ffffbb1fdff0:   ffffff0000000000 bf43236eba04d200
0x0000ffffbb1fe000:   0000ffffbb1fe000 0000000000000000
0x0000ffffbb1fe010:   0000000000000003 000000f800003140
0x0000ffffbb1fe020:   00000000ffe7fd50 0000ffffbb1fdff0
0x0000ffffbb1fe030:   0000000000000000 000000f80001ae68
0x0000ffffbb1fe040:   0000000000000000 0000ffffbb1fe050
0x0000ffffbb1fe050:   0000ffffbb1fe0c0 0000ffffa3d3c17c
0x0000ffffbb1fe060:   0000000000000000 00000000ffe7fd50
0x0000ffffbb1fe070:   0000ffffbb1fe070 000000f800643ab8
0x0000ffffbb1fe080:   0000000000000001 000000f800003140
0x0000ffffbb1fe090:   00000000ffe7fd50 0000ffffbb1fe050
0x0000ffffbb1fe0a0:   0000000000000000 000000f80001aa60
0x0000ffffbb1fe0b0:   0000ffffbb1fe070 0000ffffbb1fe0d0
0x0000ffffbb1fe0c0:   0000ffffbb1fe1b0 0000ffffa3d37158
0x0000ffffbb1fe0d0:   0000000000000000 0000ffffb402b260
0x0000ffffbb1fe0e0:   0000000000000000 0000000000000000
0x0000ffffbb1fe0f0:   0000000000000000 0000000000000000
0x0000ffffbb1fe100:   0000000000000000 0000000000000000
0x0000ffffbb1fe110:   0000000000000000 0000000000000000
0x0000ffffbb1fe120:   0000ffffbb1fe328 0000ffffbb1fe228
0x0000ffffbb1fe130:   000000000000000a 0000ffffbb1fe260
0x0000ffffbb1fe140:   000000000000000e 0000ffffa3d3ea40
0x0000ffffbb1fe150:   0000ffffbb1fe300 0000ffffbb1fe320
0x0000ffffbb1fe160:   0000ffffbb1fe2e8 0000ffffb402ab00
0x0000ffffbb1fe170:   0000ffffbb1fe260 0000ffffbb1fe300
0x0000ffffbb1fe180:   000000000000000a 000000f80001aa60
0x0000ffffbb1fe190:   0000ffffa3d3ea40 0000ffffbb1fe328
0x0000ffffbb1fe1a0:   0000ffff00000000 0000ffffb402ab00
0x0000ffffbb1fe1b0:   0000ffffbb1fe1c0 0000ffffbba35f58
0x0000ffffbb1fe1c0:   0000ffffbb1fe2a0 0000ffffbba11398
0x0000ffffbb1fe1d0:   0000ffffb402ab00 0000ffffbb1fe2e8 

Instructions: (pc=0x0000ffffa3d3fc5c)
0x0000ffffa3d3fb5c:   b8 6f 38 8b 91 31 40 f9 20 02 3f d6 ac 83 5e f8
0x0000ffffa3d3fb6c:   f3 03 00 aa 91 29 40 b9 11 01 18 36 91 05 40 f9
0x0000ffffa3d3fb7c:   31 06 40 f9 31 0e 40 f9 31 3a 40 f9 31 02 40 f9
0x0000ffffa3d3fb8c:   b1 0f 00 f9 a1 63 00 91 8a 2d 40 f9 09 c2 99 d2
0x0000ffffa3d3fb9c:   c9 7c b7 f2 e9 ff df f2 29 01 40 f9 5f 01 09 eb
0x0000ffffa3d3fbac:   81 03 00 54 e1 03 0c aa b6 83 1b f8 e0 03 1c aa
0x0000ffffa3d3fbbc:   28 01 00 10 88 d3 01 f9 94 cf 01 f9 9d d7 01 f9
0x0000ffffa3d3fbcc:   e8 33 bf a9 08 2c 99 d2 48 74 b7 f2 e8 ff df f2
0x0000ffffa3d3fbdc:   00 01 3f d6 e8 33 c1 a8 fe ff ff 10 9f cf 01 f9
0x0000ffffa3d3fbec:   9f d7 01 f9 9f d3 01 f9 88 07 40 f9 a8 00 00 b4
0x0000ffffa3d3fbfc:   08 10 8e d2 68 7a b4 f2 e8 ff df f2 00 01 1f d6
0x0000ffffa3d3fc0c:   b6 e3 7b a9 b8 6f 38 8b ac 83 5e f8 8a 2d 40 f9
0x0000ffffa3d3fc1c:   80 e3 0e 91 08 01 00 10 88 d3 01 f9 94 cf 01 f9
0x0000ffffa3d3fc2c:   9d d7 01 f9 e8 03 7e b2 89 13 11 91 28 fd 9f 88
0x0000ffffa3d3fc3c:   40 01 3f d6 ac 83 5e f8 88 82 00 d1 1f ed 7c 92
0x0000ffffa3d3fc4c:   80 0e 1f fc 9f 8e 1f f8 80 8e 1f f8 e8 03 1f 2a
0x0000ffffa3d3fc5c:   e8 e3 30 04 1f 05 00 31 80 00 00 54 c1 d5 bb d4
0x0000ffffa3d3fc6c:   38 db 1a bc ff ff 00 00 a8 00 80 d2 89 13 11 91
0x0000ffffa3d3fc7c:   28 fd 9f 88 bf 3b 03 d5 88 23 11 91 08 fd df c8
0x0000ffffa3d3fc8c:   bf 03 08 eb 68 00 00 54 89 43 44 b9 69 01 00 b4
0x0000ffffa3d3fc9c:   e0 03 1c aa 89 32 9a d2 89 74 b7 f2 e9 ff df f2
0x0000ffffa3d3fcac:   20 01 3f d6 ac 83 5e f8 1b f0 88 d2 fb 8a b7 f2
0x0000ffffa3d3fcbc:   fb ff df f2 7b 03 40 f9 e8 03 7d b2 89 13 11 91
0x0000ffffa3d3fccc:   28 fd 9f 88 9f cf 01 f9 9f d7 01 f9 9f d3 01 f9
0x0000ffffa3d3fcdc:   91 17 42 f9 3f 82 00 f9 d1 e0 fe 10 3f 02 13 eb
0x0000ffffa3d3fcec:   a1 08 00 54 80 06 41 f8 00 08 00 b4 1f 04 40 f2
0x0000ffffa3d3fcfc:   61 00 00 54 00 00 40 f9 3c 00 00 14 60 00 00 37
0x0000ffffa3d3fd0c:   00 e0 5f f8 39 00 00 14 00 f0 5f f8 fd 7b bf a9
0x0000ffffa3d3fd1c:   fd 03 00 91 91 03 41 39 51 06 00 34 20 06 00 b4
0x0000ffffa3d3fd2c:   91 17 40 f9 f1 00 00 b4 31 22 00 d1 91 17 00 f9
0x0000ffffa3d3fd3c:   89 1f 40 f9 31 02 09 8b 20 02 00 f9 29 00 00 14
0x0000ffffa3d3fd4c:   e0 07 b7 a9 e2 0f 01 a9 e4 17 02 a9 e6 1f 03 a9 


Stack slot to memory mapping:

stack at sp + 0 slots: 0x0 is null
stack at sp + 1 slots: 0x0 is null
stack at sp + 2 slots: 0xffffff0000000000 is an unknown value
stack at sp + 3 slots: 0xbf43236eba04d200 is an unknown value
stack at sp + 4 slots: 0x0000ffffbb1fe000 is pointing into the stack for thread: 0x0000ffffb402ab00
stack at sp + 5 slots: 0x0 is null
stack at sp + 6 slots: 0x0000000000000003 is an unknown value
stack at sp + 7 slots: 0x000000f800003140 is pointing into metadata

native method entry point (kind = native)  [0x0000ffffa3d3f8c0, 0x0000ffffa3d400c0]  2048 bytes
[MachCode]
  0x0000ffffa3d3f8c0: 8205 40f9 | 425c 4079 | 986e 228b | 1823 00d1 | 9fee 7c92 | f4c3 01d1 | f603 1faa | f47f b9a9 
  0x0000ffffa3d3f8e0: ff7f 06a9 | 8809 40f9 | 4800 00b4 | 08e1 0491 | e833 03a9 | fd7b 05a9 | fd43 0191 | 9a05 40f9 
  0x0000ffffa3d3f900: 5a07 40f9 | 5a0b 40f9 | 0803 1dcb | 08fd 43d3 | e86b 01a9 | ff4f 04a9 | 8a05 40f9 | 4a05 40f9 
  0x0000ffffa3d3f920: 4a0d 40f9 | 4a39 40f9 | 4a01 40f9 | e843 00d1 | ea23 02a9 | 1f01 0091 | e903 40b2 | 89c7 1139 
  0x0000ffffa3d3f940: 8009 40f9 | 0001 00b4 | 08fc 40b9 | 0809 0091 | 08fc 00b9 | 0910 41b9 | 0801 09ea | c037 0054 
  0x0000ffffa3d3f960: 2400 0014 | 890d 40f9 | 8903 00b5 | e103 0caa | b683 1bf8 | e003 1caa | 2801 0010 | 88d3 01f9 
  0x0000ffffa3d3f980: 94cf 01f9 | 9dd7 01f9 | e833 bfa9 | 0814 94d2 | 4874 b7f2 | e8ff dff2 | 0001 3fd6 | e833 c1a8 
  0x0000ffffa3d3f9a0: feff ff10 | 9fcf 01f9 | 9fd7 01f9 | 9fd3 01f9 | 8807 40f9 | a800 00b4 | 0810 8ed2 | 687a b4f2 
  0x0000ffffa3d3f9c0: e8ff dff2 | 0001 1fd6 | b6e3 7ba9 | b86f 388b | 890d 40f9 | e900 00b4 | 2809 40b9 | 0809 0091 
  0x0000ffffa3d3f9e0: 2809 00b9 | 211d 40b9 | 0801 01ea | 4033 0054 | 8873 42f9 | ff63 28eb | c805 0054 | e907 40d1 
  0x0000ffffa3d3fa00: 3f01 00f9 | e90b 40d1 | 3f01 00f9 | e90f 40d1 | 3f01 00f9 | e913 40d1 | 3f01 00f9 | e917 40d1 
  0x0000ffffa3d3fa20: 3f01 00f9 | e91b 40d1 | 3f01 00f9 | e91f 40d1 | 3f01 00f9 | e923 40d1 | 3f01 00f9 | e927 40d1 
  0x0000ffffa3d3fa40: 3f01 00f9 | e92b 40d1 | 3f01 00f9 | e92f 40d1 | 3f01 00f9 | e933 40d1 | 3f01 00f9 | e937 40d1 
  0x0000ffffa3d3fa60: 3f01 00f9 | e93b 40d1 | 3f01 00f9 | e93f 40d1 | 3f01 00f9 | e943 40d1 | 3f01 00f9 | e947 40d1 
  0x0000ffffa3d3fa80: 3f01 00f9 | e94b 40d1 | 3f01 00f9 | e94f 40d1 | 3f01 00f9 | e953 40d1 | 3f01 00f9 | 886f 42f9 
  0x0000ffffa3d3faa0: ff63 28eb | 6900 0054 | e803 0091 | 8873 02f9 | 9fc7 1139 | c843 0c90 | 08d5 4e39 | 2801 0034 
  0x0000ffffa3d3fac0: a183 5ef8 | e003 1caa | e833 bfa9 | 0806 9dd2 | c87c b7f2 | e8ff dff2 | 0001 3fd6 | e833 c1a8 
  0x0000ffffa3d3fae0: 9105 40f9 | 315e 4079 | 886e 31cb | 1fed 7c92 | f403 08aa | 9131 40f9 | 7103 00b5 | e103 0caa 
  0x0000ffffa3d3fb00: b683 1bf8 | e003 1caa | 2801 0010 | 88d3 01f9 | 94cf 01f9 | 9dd7 01f9 | e833 bfa9 | 082c 99d2 
  0x0000ffffa3d3fb20: 4874 b7f2 | e8ff dff2 | 0001 3fd6 | e833 c1a8 | feff ff10 | 9fcf 01f9 | 9fd7 01f9 | 9fd3 01f9 
  0x0000ffffa3d3fb40: 8807 40f9 | a800 00b4 | 0810 8ed2 | 687a b4f2 | e8ff dff2 | 0001 1fd6 | b6e3 7ba9 | b86f 388b 
  0x0000ffffa3d3fb60: 9131 40f9 | 2002 3fd6 | ac83 5ef8 | f303 00aa | 9129 40b9 | 1101 1836 | 9105 40f9 | 3106 40f9 
  0x0000ffffa3d3fb80: 310e 40f9 | 313a 40f9 | 3102 40f9 | b10f 00f9 | a163 0091 | 8a2d 40f9 | 09c2 99d2 | c97c b7f2 
  0x0000ffffa3d3fba0: e9ff dff2 | 2901 40f9 | 5f01 09eb | 8103 0054 | e103 0caa | b683 1bf8 | e003 1caa | 2801 0010 
  0x0000ffffa3d3fbc0: 88d3 01f9 | 94cf 01f9 | 9dd7 01f9 | e833 bfa9 | 082c 99d2 | 4874 b7f2 | e8ff dff2 | 0001 3fd6 
  0x0000ffffa3d3fbe0: e833 c1a8 | feff ff10 | 9fcf 01f9 | 9fd7 01f9 | 9fd3 01f9 | 8807 40f9 | a800 00b4 | 0810 8ed2 
  0x0000ffffa3d3fc00: 687a b4f2 | e8ff dff2 | 0001 1fd6 | b6e3 7ba9 | b86f 388b | ac83 5ef8 | 8a2d 40f9 | 80e3 0e91 
  0x0000ffffa3d3fc20: 0801 0010 | 88d3 01f9 | 94cf 01f9 | 9dd7 01f9 | e803 7eb2 | 8913 1191 | 28fd 9f88 | 4001 3fd6 
  0x0000ffffa3d3fc40: ac83 5ef8 | 8882 00d1 | 1fed 7c92 | 800e 1ffc | 9f8e 1ff8 | 808e 1ff8 | e803 1f2a | e8e3 3004 
  0x0000ffffa3d3fc60: 1f05 0031 | 8000 0054 | c1d5 bbd4 | 38db 1abc | ffff 0000 | a800 80d2 | 8913 1191 | 28fd 9f88 
  0x0000ffffa3d3fc80: bf3b 03d5 | 8823 1191 | 08fd dfc8 | bf03 08eb | 6800 0054 | 8943 44b9 | 6901 00b4 | e003 1caa 
  0x0000ffffa3d3fca0: 8932 9ad2 | 8974 b7f2 | e9ff dff2 | 2001 3fd6 | ac83 5ef8 | 1bf0 88d2 | fb8a b7f2 | fbff dff2 
  0x0000ffffa3d3fcc0: 7b03 40f9 | e803 7db2 | 8913 1191 | 28fd 9f88 | 9fcf 01f9 | 9fd7 01f9 | 9fd3 01f9 | 9117 42f9 
  0x0000ffffa3d3fce0: 3f82 00f9 | d1e0 fe10 | 3f02 13eb | a108 0054 | 8006 41f8 | 0008 00b4 | 1f04 40f2 | 6100 0054 
  0x0000ffffa3d3fd00: 0000 40f9 | 3c00 0014 | 6000 0037 | 00e0 5ff8 | 3900 0014 | 00f0 5ff8 | fd7b bfa9 | fd03 0091 
  0x0000ffffa3d3fd20: 9103 4139 | 5106 0034 | 2006 00b4 | 9117 40f9 | f100 00b4 | 3122 00d1 | 9117 00f9 | 891f 40f9 
  0x0000ffffa3d3fd40: 3102 098b | 2002 00f9 | 2900 0014 | e007 b7a9 | e20f 01a9 | e417 02a9 | e61f 03a9 | ea2f 04a9 
  0x0000ffffa3d3fd60: ec37 05a9 | ee3f 06a9 | f047 07a9 | f27f 08a9 | ff83 00d1 | e8eb 7bb2 | fc2f 880c | f82f 880c 
  0x0000ffffa3d3fd80: f42f 880c | f02f 880c | e42f 880c | e02f 000c | e103 1caa | e833 bfa9 | 084a 8bd2 | c871 b7f2 
  0x0000ffffa3d3fda0: e8ff dff2 | 0001 3fd6 | e833 c1a8 | e02f df0c | e42f df0c | f02f df0c | f42f df0c | f82f df0c 
  0x0000ffffa3d3fdc0: fc2f df0c | e7e3 1825 | e20f 41a9 | e417 42a9 | e61f 43a9 | ea2f 44a9 | ec37 45a9 | ee3f 46a9 
  0x0000ffffa3d3fde0: f047 47a9 | f27f 48a9 | e007 c9a8 | bf03 0091 | fd7b c1a8 | a00f 00f9 | 9f8e 1ff8 | 808e 1ff8 
  0x0000ffffa3d3fe00: 8803 1391 | 0801 40b9 | 1f09 00f1 | e104 0054 | e007 b7a9 | e20f 01a9 | e417 02a9 | e61f 03a9 
  0x0000ffffa3d3fe20: ea2f 04a9 | ec37 05a9 | ee3f 06a9 | f047 07a9 | f27f 08a9 | ff83 00d1 | e8eb 7bb2 | fc2f 880c 
  0x0000ffffa3d3fe40: f82f 880c | f42f 880c | f02f 880c | e42f 880c | e02f 000c | e003 1caa | 8904 9fd2 | c97c b7f2 
  0x0000ffffa3d3fe60: e9ff dff2 | 2001 3fd6 | e02f df0c | e42f df0c | f02f df0c | f42f df0c | f82f df0c | fc2f df0c 
  0x0000ffffa3d3fe80: e7e3 1825 | e20f 41a9 | e417 42a9 | e61f 43a9 | ea2f 44a9 | ec37 45a9 | ee3f 46a9 | f047 47a9 
  0x0000ffffa3d3fea0: f27f 48a9 | e007 c9a8 | ac83 5ef8 | 9605 40f9 | d6e2 0091 | 8807 40f9 | 8803 00b4 | b683 1bf8 
  0x0000ffffa3d3fec0: e003 1caa | 2801 0010 | 88d3 01f9 | 94cf 01f9 | 9dd7 01f9 | e833 bfa9 | 0802 92d2 | 4874 b7f2 
  0x0000ffffa3d3fee0: e8ff dff2 | 0001 3fd6 | e833 c1a8 | feff ff10 | 9fcf 01f9 | 9fd7 01f9 | 9fd3 01f9 | 8807 40f9 
  0x0000ffffa3d3ff00: a800 00b4 | 0810 8ed2 | 687a b4f2 | e8ff dff2 | 0001 1fd6 | b6e3 7ba9 | b86f 388b | c1d5 bbd4 
  0x0000ffffa3d3ff20: c891 15bc | ffff 0000 | 9129 40b9 | f106 2836 | a183 01d1 | 3104 40f9 | 9103 00b5 | b683 1bf8 
  0x0000ffffa3d3ff40: e003 1caa | 2801 0010 | 88d3 01f9 | 94cf 01f9 | 9dd7 01f9 | e833 bfa9 | 8818 93d2 | 4874 b7f2 
  0x0000ffffa3d3ff60: e8ff dff2 | 0001 3fd6 | e833 c1a8 | feff ff10 | 9fcf 01f9 | 9fd7 01f9 | 9fd3 01f9 | 8807 40f9 
  0x0000ffffa3d3ff80: a800 00b4 | 0810 8ed2 | 687a b4f2 | e8ff dff2 | 0001 1fd6 | b6e3 7ba9 | b86f 388b | c1d5 bbd4 
  0x0000ffffa3d3ffa0: c891 15bc | ffff 0000 | b683 1bf8 | 2000 00d1 | 2304 40f9 | 3f04 00f9 | 0200 40f9 | e201 00b4 
  0x0000ffffa3d3ffc0: e803 00aa | 62fc e0c8 | 1f01 00eb | 6001 0054 | bf3b 03d5 | 2304 00f9 | e003 01aa | e833 bfa9 
  0x0000ffffa3d3ffe0: 0804 93d2 | 4874 b7f2 | e8ff dff2 | 0001 3fd6 | e833 c1a8 | 0400 0014 | 88a7 42f9 | 0805 00d1 
  0x0000ffffa3d40000: 88a7 02f9 | b683 5bf8 | a843 0cf0 | 08d5 4e39 | 2801 0034 | a183 5ef8 | e003 1caa | e833 bfa9 
  0x0000ffffa3d40020: 0828 9dd2 | c87c b7f2 | e8ff dff2 | 0001 3fd6 | e833 c1a8 | 8006 41f8 | 8006 41fc | 6002 3fd6 
  0x0000ffffa3d40040: b483 5ff8 | bf03 0091 | fd7b c1a8 | 9f02 0091 | c003 5fd6 | 0100 80d2 | b683 1bf8 | e003 1caa 
  0x0000ffffa3d40060: 2801 0010 | 88d3 01f9 | 94cf 01f9 | 9dd7 01f9 | e833 bfa9 | 080c 9ad2 | 4874 b7f2 | e8ff dff2 
  0x0000ffffa3d40080: 0001 3fd6 | e833 c1a8 | feff ff10 | 9fcf 01f9 | 9fd7 01f9 | 9fd3 01f9 | 8807 40f9 | a800 00b4 
  0x0000ffffa3d400a0: 0810 8ed2 | 687a b4f2 | e8ff dff2 | 0001 1fd6 | b6e3 7ba9 | b86f 388b | 4efe ff17 | 1f20 03d5 
[/MachCode]

---------------  P R O C E S S  ---------------

Threads class SMR info:
_java_thread_list=0x0000ffffb412af90, length=1, elements={
0x0000ffffb402ab00
}

Java Threads: ( => current thread )
=>0x0000ffffb402ab00 JavaThread "Unknown thread"             [_thread_in_native, id=50, stack(0x0000ffffbb002000,0x0000ffffbb200000) (2040K)]
Total: 1

Other Threads:
  0x0000ffffb413c0c0 VMThread "VM Thread"                           [id=57, stack(0x0000ffff93810000,0x0000ffff93a0e000) (2040K)]
  0x0000ffffb412a0b0 WatcherThread "VM Periodic Task Thread"        [id=56, stack(0x0000ffff93c10000,0x0000ffff93e0e000) (2040K)]
  0x0000ffffb4080a60 WorkerThread "GC Thread#0"                     [id=51, stack(0x0000ffffb9610000,0x0000ffffb980e000) (2040K)]
  0x0000ffffb4091420 ConcurrentGCThread "G1 Main Marker"            [id=52, stack(0x0000ffffb9210000,0x0000ffffb940e000) (2040K)]
  0x0000ffffb40923d0 WorkerThread "G1 Conc#0"                       [id=53, stack(0x0000ffffb8e10000,0x0000ffffb900e000) (2040K)]
  0x0000ffffb410f370 ConcurrentGCThread "G1 Refine#0"               [id=54, stack(0x0000ffffb8410000,0x0000ffffb860e000) (2040K)]
  0x0000ffffb4110340 ConcurrentGCThread "G1 Service"                [id=55, stack(0x0000ffff98410000,0x0000ffff9860e000) (2040K)]
Total: 7

Threads with active compile tasks:
Total: 0

VM state: not at safepoint (normal execution)

VM Mutex/Monitor currently owned by a thread: None

Heap address: 0x0000000085800000, size: 1960 MB, Compressed Oops mode: 32-bit

CDS archive(s) mapped at: [0x000000f800000000-0x000000f800ca0000-0x000000f800ca0000), size 13238272, SharedBaseAddress: 0x000000f800000000, ArchiveRelocationMode: 1.
Compressed class space mapped at: 0x000000f801000000-0x000000f841000000, reserved size: 1073741824
Narrow klass base: 0x000000f800000000, Narrow klass shift: 0, Narrow klass range: 0x100000000

GC Precious Log:
 CardTable entry size: 512
 Card Set container configuration: InlinePtr #cards 5 size 8 Array Of Cards #cards 12 size 40 Howl #buckets 4 coarsen threshold 1843 Howl Bitmap #cards 512 size 80 coarsen threshold 460 Card regions per heap region 1 cards per card region 2048
 CPUs: 12 total, 12 available
 Memory: 7836M
 Large Page Support: Disabled
 NUMA Support: Disabled
 Compressed Oops: Enabled (32-bit)
 Heap Region Size: 1M
 Heap Min Capacity: 8M
 Heap Initial Capacity: 124M
 Heap Max Capacity: 1960M
 Pre-touch: Disabled
 Parallel Workers: 10
 Concurrent Workers: 3
 Concurrent Refinement Workers: 10
 Periodic GC: Disabled

Heap:
 garbage-first heap   total 129024K, used 1073K [0x0000000085800000, 0x0000000100000000)
  region size 1024K, 1 young (1024K), 0 survivors (0K)
 Metaspace       used 1K, committed 128K, reserved 1114112K
  class space    used 0K, committed 64K, reserved 1048576K

Heap Regions: E=young(eden), S=young(survivor), O=old, HS=humongous(starts), HC=humongous(continues), CS=collection set, F=free, TAMS=top-at-mark-start, PB=parsable bottom
|   0|0x0000000085800000, 0x0000000085800000, 0x0000000085900000|  0%| F|  |TAMS 0x0000000085800000| PB 0x0000000085800000| Untracked 
|   1|0x0000000085900000, 0x0000000085900000, 0x0000000085a00000|  0%| F|  |TAMS 0x0000000085900000| PB 0x0000000085900000| Untracked 
|   2|0x0000000085a00000, 0x0000000085a00000, 0x0000000085b00000|  0%| F|  |TAMS 0x0000000085a00000| PB 0x0000000085a00000| Untracked 
|   3|0x0000000085b00000, 0x0000000085b00000, 0x0000000085c00000|  0%| F|  |TAMS 0x0000000085b00000| PB 0x0000000085b00000| Untracked 
|   4|0x0000000085c00000, 0x0000000085c00000, 0x0000000085d00000|  0%| F|  |TAMS 0x0000000085c00000| PB 0x0000000085c00000| Untracked 
|   5|0x0000000085d00000, 0x0000000085d00000, 0x0000000085e00000|  0%| F|  |TAMS 0x0000000085d00000| PB 0x0000000085d00000| Untracked 
|   6|0x0000000085e00000, 0x0000000085e00000, 0x0000000085f00000|  0%| F|  |TAMS 0x0000000085e00000| PB 0x0000000085e00000| Untracked 
|   7|0x0000000085f00000, 0x0000000085f00000, 0x0000000086000000|  0%| F|  |TAMS 0x0000000085f00000| PB 0x0000000085f00000| Untracked 
|   8|0x0000000086000000, 0x0000000086000000, 0x0000000086100000|  0%| F|  |TAMS 0x0000000086000000| PB 0x0000000086000000| Untracked 
|   9|0x0000000086100000, 0x0000000086100000, 0x0000000086200000|  0%| F|  |TAMS 0x0000000086100000| PB 0x0000000086100000| Untracked 
|  10|0x0000000086200000, 0x0000000086200000, 0x0000000086300000|  0%| F|  |TAMS 0x0000000086200000| PB 0x0000000086200000| Untracked 
|  11|0x0000000086300000, 0x0000000086300000, 0x0000000086400000|  0%| F|  |TAMS 0x0000000086300000| PB 0x0000000086300000| Untracked 
|  12|0x0000000086400000, 0x0000000086400000, 0x0000000086500000|  0%| F|  |TAMS 0x0000000086400000| PB 0x0000000086400000| Untracked 
|  13|0x0000000086500000, 0x0000000086500000, 0x0000000086600000|  0%| F|  |TAMS 0x0000000086500000| PB 0x0000000086500000| Untracked 
|  14|0x0000000086600000, 0x0000000086600000, 0x0000000086700000|  0%| F|  |TAMS 0x0000000086600000| PB 0x0000000086600000| Untracked 
|  15|0x0000000086700000, 0x0000000086700000, 0x0000000086800000|  0%| F|  |TAMS 0x0000000086700000| PB 0x0000000086700000| Untracked 
|  16|0x0000000086800000, 0x0000000086800000, 0x0000000086900000|  0%| F|  |TAMS 0x0000000086800000| PB 0x0000000086800000| Untracked 
|  17|0x0000000086900000, 0x0000000086900000, 0x0000000086a00000|  0%| F|  |TAMS 0x0000000086900000| PB 0x0000000086900000| Untracked 
|  18|0x0000000086a00000, 0x0000000086a00000, 0x0000000086b00000|  0%| F|  |TAMS 0x0000000086a00000| PB 0x0000000086a00000| Untracked 
|  19|0x0000000086b00000, 0x0000000086b00000, 0x0000000086c00000|  0%| F|  |TAMS 0x0000000086b00000| PB 0x0000000086b00000| Untracked 
|  20|0x0000000086c00000, 0x0000000086c00000, 0x0000000086d00000|  0%| F|  |TAMS 0x0000000086c00000| PB 0x0000000086c00000| Untracked 
|  21|0x0000000086d00000, 0x0000000086d00000, 0x0000000086e00000|  0%| F|  |TAMS 0x0000000086d00000| PB 0x0000000086d00000| Untracked 
|  22|0x0000000086e00000, 0x0000000086e00000, 0x0000000086f00000|  0%| F|  |TAMS 0x0000000086e00000| PB 0x0000000086e00000| Untracked 
|  23|0x0000000086f00000, 0x0000000086f00000, 0x0000000087000000|  0%| F|  |TAMS 0x0000000086f00000| PB 0x0000000086f00000| Untracked 
|  24|0x0000000087000000, 0x0000000087000000, 0x0000000087100000|  0%| F|  |TAMS 0x0000000087000000| PB 0x0000000087000000| Untracked 
|  25|0x0000000087100000, 0x0000000087100000, 0x0000000087200000|  0%| F|  |TAMS 0x0000000087100000| PB 0x0000000087100000| Untracked 
|  26|0x0000000087200000, 0x0000000087200000, 0x0000000087300000|  0%| F|  |TAMS 0x0000000087200000| PB 0x0000000087200000| Untracked 
|  27|0x0000000087300000, 0x0000000087300000, 0x0000000087400000|  0%| F|  |TAMS 0x0000000087300000| PB 0x0000000087300000| Untracked 
|  28|0x0000000087400000, 0x0000000087400000, 0x0000000087500000|  0%| F|  |TAMS 0x0000000087400000| PB 0x0000000087400000| Untracked 
|  29|0x0000000087500000, 0x0000000087500000, 0x0000000087600000|  0%| F|  |TAMS 0x0000000087500000| PB 0x0000000087500000| Untracked 
|  30|0x0000000087600000, 0x0000000087600000, 0x0000000087700000|  0%| F|  |TAMS 0x0000000087600000| PB 0x0000000087600000| Untracked 
|  31|0x0000000087700000, 0x0000000087700000, 0x0000000087800000|  0%| F|  |TAMS 0x0000000087700000| PB 0x0000000087700000| Untracked 
|  32|0x0000000087800000, 0x0000000087800000, 0x0000000087900000|  0%| F|  |TAMS 0x0000000087800000| PB 0x0000000087800000| Untracked 
|  33|0x0000000087900000, 0x0000000087900000, 0x0000000087a00000|  0%| F|  |TAMS 0x0000000087900000| PB 0x0000000087900000| Untracked 
|  34|0x0000000087a00000, 0x0000000087a00000, 0x0000000087b00000|  0%| F|  |TAMS 0x0000000087a00000| PB 0x0000000087a00000| Untracked 
|  35|0x0000000087b00000, 0x0000000087b00000, 0x0000000087c00000|  0%| F|  |TAMS 0x0000000087b00000| PB 0x0000000087b00000| Untracked 
|  36|0x0000000087c00000, 0x0000000087c00000, 0x0000000087d00000|  0%| F|  |TAMS 0x0000000087c00000| PB 0x0000000087c00000| Untracked 
|  37|0x0000000087d00000, 0x0000000087d00000, 0x0000000087e00000|  0%| F|  |TAMS 0x0000000087d00000| PB 0x0000000087d00000| Untracked 
|  38|0x0000000087e00000, 0x0000000087e00000, 0x0000000087f00000|  0%| F|  |TAMS 0x0000000087e00000| PB 0x0000000087e00000| Untracked 
|  39|0x0000000087f00000, 0x0000000087f00000, 0x0000000088000000|  0%| F|  |TAMS 0x0000000087f00000| PB 0x0000000087f00000| Untracked 
|  40|0x0000000088000000, 0x0000000088000000, 0x0000000088100000|  0%| F|  |TAMS 0x0000000088000000| PB 0x0000000088000000| Untracked 
|  41|0x0000000088100000, 0x0000000088100000, 0x0000000088200000|  0%| F|  |TAMS 0x0000000088100000| PB 0x0000000088100000| Untracked 
|  42|0x0000000088200000, 0x0000000088200000, 0x0000000088300000|  0%| F|  |TAMS 0x0000000088200000| PB 0x0000000088200000| Untracked 
|  43|0x0000000088300000, 0x0000000088300000, 0x0000000088400000|  0%| F|  |TAMS 0x0000000088300000| PB 0x0000000088300000| Untracked 
|  44|0x0000000088400000, 0x0000000088400000, 0x0000000088500000|  0%| F|  |TAMS 0x0000000088400000| PB 0x0000000088400000| Untracked 
|  45|0x0000000088500000, 0x0000000088500000, 0x0000000088600000|  0%| F|  |TAMS 0x0000000088500000| PB 0x0000000088500000| Untracked 
|  46|0x0000000088600000, 0x0000000088600000, 0x0000000088700000|  0%| F|  |TAMS 0x0000000088600000| PB 0x0000000088600000| Untracked 
|  47|0x0000000088700000, 0x0000000088700000, 0x0000000088800000|  0%| F|  |TAMS 0x0000000088700000| PB 0x0000000088700000| Untracked 
|  48|0x0000000088800000, 0x0000000088800000, 0x0000000088900000|  0%| F|  |TAMS 0x0000000088800000| PB 0x0000000088800000| Untracked 
|  49|0x0000000088900000, 0x0000000088900000, 0x0000000088a00000|  0%| F|  |TAMS 0x0000000088900000| PB 0x0000000088900000| Untracked 
|  50|0x0000000088a00000, 0x0000000088a00000, 0x0000000088b00000|  0%| F|  |TAMS 0x0000000088a00000| PB 0x0000000088a00000| Untracked 
|  51|0x0000000088b00000, 0x0000000088b00000, 0x0000000088c00000|  0%| F|  |TAMS 0x0000000088b00000| PB 0x0000000088b00000| Untracked 
|  52|0x0000000088c00000, 0x0000000088c00000, 0x0000000088d00000|  0%| F|  |TAMS 0x0000000088c00000| PB 0x0000000088c00000| Untracked 
|  53|0x0000000088d00000, 0x0000000088d00000, 0x0000000088e00000|  0%| F|  |TAMS 0x0000000088d00000| PB 0x0000000088d00000| Untracked 
|  54|0x0000000088e00000, 0x0000000088e00000, 0x0000000088f00000|  0%| F|  |TAMS 0x0000000088e00000| PB 0x0000000088e00000| Untracked 
|  55|0x0000000088f00000, 0x0000000088f00000, 0x0000000089000000|  0%| F|  |TAMS 0x0000000088f00000| PB 0x0000000088f00000| Untracked 
|  56|0x0000000089000000, 0x0000000089000000, 0x0000000089100000|  0%| F|  |TAMS 0x0000000089000000| PB 0x0000000089000000| Untracked 
|  57|0x0000000089100000, 0x0000000089100000, 0x0000000089200000|  0%| F|  |TAMS 0x0000000089100000| PB 0x0000000089100000| Untracked 
|  58|0x0000000089200000, 0x0000000089200000, 0x0000000089300000|  0%| F|  |TAMS 0x0000000089200000| PB 0x0000000089200000| Untracked 
|  59|0x0000000089300000, 0x0000000089300000, 0x0000000089400000|  0%| F|  |TAMS 0x0000000089300000| PB 0x0000000089300000| Untracked 
|  60|0x0000000089400000, 0x0000000089400000, 0x0000000089500000|  0%| F|  |TAMS 0x0000000089400000| PB 0x0000000089400000| Untracked 
|  61|0x0000000089500000, 0x0000000089500000, 0x0000000089600000|  0%| F|  |TAMS 0x0000000089500000| PB 0x0000000089500000| Untracked 
|  62|0x0000000089600000, 0x0000000089600000, 0x0000000089700000|  0%| F|  |TAMS 0x0000000089600000| PB 0x0000000089600000| Untracked 
|  63|0x0000000089700000, 0x0000000089700000, 0x0000000089800000|  0%| F|  |TAMS 0x0000000089700000| PB 0x0000000089700000| Untracked 
|  64|0x0000000089800000, 0x0000000089800000, 0x0000000089900000|  0%| F|  |TAMS 0x0000000089800000| PB 0x0000000089800000| Untracked 
|  65|0x0000000089900000, 0x0000000089900000, 0x0000000089a00000|  0%| F|  |TAMS 0x0000000089900000| PB 0x0000000089900000| Untracked 
|  66|0x0000000089a00000, 0x0000000089a00000, 0x0000000089b00000|  0%| F|  |TAMS 0x0000000089a00000| PB 0x0000000089a00000| Untracked 
|  67|0x0000000089b00000, 0x0000000089b00000, 0x0000000089c00000|  0%| F|  |TAMS 0x0000000089b00000| PB 0x0000000089b00000| Untracked 
|  68|0x0000000089c00000, 0x0000000089c00000, 0x0000000089d00000|  0%| F|  |TAMS 0x0000000089c00000| PB 0x0000000089c00000| Untracked 
|  69|0x0000000089d00000, 0x0000000089d00000, 0x0000000089e00000|  0%| F|  |TAMS 0x0000000089d00000| PB 0x0000000089d00000| Untracked 
|  70|0x0000000089e00000, 0x0000000089e00000, 0x0000000089f00000|  0%| F|  |TAMS 0x0000000089e00000| PB 0x0000000089e00000| Untracked 
|  71|0x0000000089f00000, 0x0000000089f00000, 0x000000008a000000|  0%| F|  |TAMS 0x0000000089f00000| PB 0x0000000089f00000| Untracked 
|  72|0x000000008a000000, 0x000000008a000000, 0x000000008a100000|  0%| F|  |TAMS 0x000000008a000000| PB 0x000000008a000000| Untracked 
|  73|0x000000008a100000, 0x000000008a100000, 0x000000008a200000|  0%| F|  |TAMS 0x000000008a100000| PB 0x000000008a100000| Untracked 
|  74|0x000000008a200000, 0x000000008a200000, 0x000000008a300000|  0%| F|  |TAMS 0x000000008a200000| PB 0x000000008a200000| Untracked 
|  75|0x000000008a300000, 0x000000008a300000, 0x000000008a400000|  0%| F|  |TAMS 0x000000008a300000| PB 0x000000008a300000| Untracked 
|  76|0x000000008a400000, 0x000000008a400000, 0x000000008a500000|  0%| F|  |TAMS 0x000000008a400000| PB 0x000000008a400000| Untracked 
|  77|0x000000008a500000, 0x000000008a500000, 0x000000008a600000|  0%| F|  |TAMS 0x000000008a500000| PB 0x000000008a500000| Untracked 
|  78|0x000000008a600000, 0x000000008a600000, 0x000000008a700000|  0%| F|  |TAMS 0x000000008a600000| PB 0x000000008a600000| Untracked 
|  79|0x000000008a700000, 0x000000008a700000, 0x000000008a800000|  0%| F|  |TAMS 0x000000008a700000| PB 0x000000008a700000| Untracked 
|  80|0x000000008a800000, 0x000000008a800000, 0x000000008a900000|  0%| F|  |TAMS 0x000000008a800000| PB 0x000000008a800000| Untracked 
|  81|0x000000008a900000, 0x000000008a900000, 0x000000008aa00000|  0%| F|  |TAMS 0x000000008a900000| PB 0x000000008a900000| Untracked 
|  82|0x000000008aa00000, 0x000000008aa00000, 0x000000008ab00000|  0%| F|  |TAMS 0x000000008aa00000| PB 0x000000008aa00000| Untracked 
|  83|0x000000008ab00000, 0x000000008ab00000, 0x000000008ac00000|  0%| F|  |TAMS 0x000000008ab00000| PB 0x000000008ab00000| Untracked 
|  84|0x000000008ac00000, 0x000000008ac00000, 0x000000008ad00000|  0%| F|  |TAMS 0x000000008ac00000| PB 0x000000008ac00000| Untracked 
|  85|0x000000008ad00000, 0x000000008ad00000, 0x000000008ae00000|  0%| F|  |TAMS 0x000000008ad00000| PB 0x000000008ad00000| Untracked 
|  86|0x000000008ae00000, 0x000000008ae00000, 0x000000008af00000|  0%| F|  |TAMS 0x000000008ae00000| PB 0x000000008ae00000| Untracked 
|  87|0x000000008af00000, 0x000000008af00000, 0x000000008b000000|  0%| F|  |TAMS 0x000000008af00000| PB 0x000000008af00000| Untracked 
|  88|0x000000008b000000, 0x000000008b000000, 0x000000008b100000|  0%| F|  |TAMS 0x000000008b000000| PB 0x000000008b000000| Untracked 
|  89|0x000000008b100000, 0x000000008b100000, 0x000000008b200000|  0%| F|  |TAMS 0x000000008b100000| PB 0x000000008b100000| Untracked 
|  90|0x000000008b200000, 0x000000008b200000, 0x000000008b300000|  0%| F|  |TAMS 0x000000008b200000| PB 0x000000008b200000| Untracked 
|  91|0x000000008b300000, 0x000000008b300000, 0x000000008b400000|  0%| F|  |TAMS 0x000000008b300000| PB 0x000000008b300000| Untracked 
|  92|0x000000008b400000, 0x000000008b400000, 0x000000008b500000|  0%| F|  |TAMS 0x000000008b400000| PB 0x000000008b400000| Untracked 
|  93|0x000000008b500000, 0x000000008b500000, 0x000000008b600000|  0%| F|  |TAMS 0x000000008b500000| PB 0x000000008b500000| Untracked 
|  94|0x000000008b600000, 0x000000008b600000, 0x000000008b700000|  0%| F|  |TAMS 0x000000008b600000| PB 0x000000008b600000| Untracked 
|  95|0x000000008b700000, 0x000000008b700000, 0x000000008b800000|  0%| F|  |TAMS 0x000000008b700000| PB 0x000000008b700000| Untracked 
|  96|0x000000008b800000, 0x000000008b800000, 0x000000008b900000|  0%| F|  |TAMS 0x000000008b800000| PB 0x000000008b800000| Untracked 
|  97|0x000000008b900000, 0x000000008b900000, 0x000000008ba00000|  0%| F|  |TAMS 0x000000008b900000| PB 0x000000008b900000| Untracked 
|  98|0x000000008ba00000, 0x000000008ba00000, 0x000000008bb00000|  0%| F|  |TAMS 0x000000008ba00000| PB 0x000000008ba00000| Untracked 
|  99|0x000000008bb00000, 0x000000008bb00000, 0x000000008bc00000|  0%| F|  |TAMS 0x000000008bb00000| PB 0x000000008bb00000| Untracked 
| 100|0x000000008bc00000, 0x000000008bc00000, 0x000000008bd00000|  0%| F|  |TAMS 0x000000008bc00000| PB 0x000000008bc00000| Untracked 
| 101|0x000000008bd00000, 0x000000008bd00000, 0x000000008be00000|  0%| F|  |TAMS 0x000000008bd00000| PB 0x000000008bd00000| Untracked 
| 102|0x000000008be00000, 0x000000008be00000, 0x000000008bf00000|  0%| F|  |TAMS 0x000000008be00000| PB 0x000000008be00000| Untracked 
| 103|0x000000008bf00000, 0x000000008bf00000, 0x000000008c000000|  0%| F|  |TAMS 0x000000008bf00000| PB 0x000000008bf00000| Untracked 
| 104|0x000000008c000000, 0x000000008c000000, 0x000000008c100000|  0%| F|  |TAMS 0x000000008c000000| PB 0x000000008c000000| Untracked 
| 105|0x000000008c100000, 0x000000008c100000, 0x000000008c200000|  0%| F|  |TAMS 0x000000008c100000| PB 0x000000008c100000| Untracked 
| 106|0x000000008c200000, 0x000000008c200000, 0x000000008c300000|  0%| F|  |TAMS 0x000000008c200000| PB 0x000000008c200000| Untracked 
| 107|0x000000008c300000, 0x000000008c300000, 0x000000008c400000|  0%| F|  |TAMS 0x000000008c300000| PB 0x000000008c300000| Untracked 
| 108|0x000000008c400000, 0x000000008c400000, 0x000000008c500000|  0%| F|  |TAMS 0x000000008c400000| PB 0x000000008c400000| Untracked 
| 109|0x000000008c500000, 0x000000008c500000, 0x000000008c600000|  0%| F|  |TAMS 0x000000008c500000| PB 0x000000008c500000| Untracked 
| 110|0x000000008c600000, 0x000000008c600000, 0x000000008c700000|  0%| F|  |TAMS 0x000000008c600000| PB 0x000000008c600000| Untracked 
| 111|0x000000008c700000, 0x000000008c700000, 0x000000008c800000|  0%| F|  |TAMS 0x000000008c700000| PB 0x000000008c700000| Untracked 
| 112|0x000000008c800000, 0x000000008c800000, 0x000000008c900000|  0%| F|  |TAMS 0x000000008c800000| PB 0x000000008c800000| Untracked 
| 113|0x000000008c900000, 0x000000008c900000, 0x000000008ca00000|  0%| F|  |TAMS 0x000000008c900000| PB 0x000000008c900000| Untracked 
| 114|0x000000008ca00000, 0x000000008ca00000, 0x000000008cb00000|  0%| F|  |TAMS 0x000000008ca00000| PB 0x000000008ca00000| Untracked 
| 115|0x000000008cb00000, 0x000000008cb00000, 0x000000008cc00000|  0%| F|  |TAMS 0x000000008cb00000| PB 0x000000008cb00000| Untracked 
| 116|0x000000008cc00000, 0x000000008cc00000, 0x000000008cd00000|  0%| F|  |TAMS 0x000000008cc00000| PB 0x000000008cc00000| Untracked 
| 117|0x000000008cd00000, 0x000000008cd00000, 0x000000008ce00000|  0%| F|  |TAMS 0x000000008cd00000| PB 0x000000008cd00000| Untracked 
| 118|0x000000008ce00000, 0x000000008ce00000, 0x000000008cf00000|  0%| F|  |TAMS 0x000000008ce00000| PB 0x000000008ce00000| Untracked 
| 119|0x000000008cf00000, 0x000000008cf00000, 0x000000008d000000|  0%| F|  |TAMS 0x000000008cf00000| PB 0x000000008cf00000| Untracked 
| 120|0x000000008d000000, 0x000000008d000000, 0x000000008d100000|  0%| F|  |TAMS 0x000000008d000000| PB 0x000000008d000000| Untracked 
| 121|0x000000008d100000, 0x000000008d100000, 0x000000008d200000|  0%| F|  |TAMS 0x000000008d100000| PB 0x000000008d100000| Untracked 
| 122|0x000000008d200000, 0x000000008d200000, 0x000000008d300000|  0%| F|  |TAMS 0x000000008d200000| PB 0x000000008d200000| Untracked 
| 123|0x000000008d300000, 0x000000008d375c38, 0x000000008d400000| 46%| E|  |TAMS 0x000000008d300000| PB 0x000000008d300000| Complete 
|1958|0x00000000ffe00000, 0x00000000fff00000, 0x00000000fff00000|100%| O|  |TAMS 0x00000000ffe00000| PB 0x00000000ffe00000| Untracked 
|1959|0x00000000fff00000, 0x00000000fff0c670, 0x0000000100000000|  4%| O|  |TAMS 0x00000000fff00000| PB 0x00000000fff00000| Untracked 

Card table byte_map: [0x0000ffffb9a00000,0x0000ffffb9dd4000] _byte_map_base: 0x0000ffffb95d4000

Marking Bits: (CMBitMap*) 0x0000ffffb4081590
 Bits: [0x0000ffff9a800000, 0x0000ffff9c6a0000)

Polling page: 0x0000ffffbca05000

Metaspace:

Usage:
  Non-class:    304 bytes used.
      Class:    976 bytes used.
       Both:      1.25 KB used.

Virtual space:
  Non-class space:       64.00 MB reserved,      64.00 KB ( <1%) committed,  1 nodes.
      Class space:        1.00 GB reserved,      64.00 KB ( <1%) committed,  1 nodes.
             Both:        1.06 GB reserved,     128.00 KB ( <1%) committed. 

Chunk freelists:
   Non-Class:  12.00 MB
       Class:  15.75 MB
        Both:  27.75 MB

MaxMetaspaceSize: unlimited
CompressedClassSpaceSize: 1.00 GB
Initial GC threshold: 21.00 MB
Current GC threshold: 17179869184.00 GB
CDS: on
 - commit_granule_bytes: 65536.
 - commit_granule_words: 8192.
 - virtual_space_node_default_size: 8388608.
 - enlarge_chunks_in_place: 1.
 - use_allocation_guard: 0.


Internal statistics:

num_allocs_failed_limit: 0.
num_arena_births: 2.
num_arena_deaths: 0.
num_vsnodes_births: 2.
num_vsnodes_deaths: 0.
num_space_committed: 2.
num_space_uncommitted: 0.
num_chunks_returned_to_freelist: 0.
num_chunks_taken_from_freelist: 3.
num_chunk_merges: 0.
num_chunk_splits: 2.
num_chunks_enlarged: 0.
num_inconsistent_stats: 0.

CodeHeap 'non-profiled nmethods': size=120028Kb used=0Kb max_used=0Kb free=120028Kb
 bounds [0x0000ffffa42c9000, 0x0000ffffa4539000, 0x0000ffffab800000]
CodeHeap 'profiled nmethods': size=120028Kb used=0Kb max_used=0Kb free=120028Kb
 bounds [0x0000ffff9c800000, 0x0000ffff9ca70000, 0x0000ffffa3d37000]
CodeHeap 'non-nmethods': size=5704Kb used=376Kb max_used=376Kb free=5327Kb
 bounds [0x0000ffffa3d37000, 0x0000ffffa3fa7000, 0x0000ffffa42c9000]
 total_blobs=92 nmethods=0 adapters=67
 compilation: enabled
              stopped_count=0, restarted_count=0
 full_count=0

Compilation events (0 events):
No events

GC Heap History (0 events):
No events

Dll operation events (1 events):
Event: 0.002 Loaded shared library /opt/java/openjdk/lib/libjava.so

Deoptimization events (0 events):
No events

Classes loaded (0 events):
No events

Classes unloaded (0 events):
No events

Classes redefined (0 events):
No events

Internal exceptions (0 events):
No events

ZGC Phase Switch (0 events):
No events

VM Operations (0 events):
No events

Memory protections (1 events):
Event: 0.001 Protecting memory [0x0000ffffbb002000,0x0000ffffbb006000] with protection modes 0

Nmethod flushes (0 events):
No events

Events (1 events):
Event: 0.012 Thread 0x0000ffffb402ab00 Thread added: 0x0000ffffb402ab00


Dynamic libraries:
85800000-8d400000 rw-p 00000000 00:00 0 
8d400000-ffe00000 ---p 00000000 00:00 0 
ffe00000-fff0d000 rw-p 00cf0000 00:3e 33859866                           /opt/java/openjdk/lib/server/classes.jsa
fff0d000-100000000 rw-p 00000000 00:00 0 
f800000000-f800480000 rw-p 00010000 00:3e 33859866                       /opt/java/openjdk/lib/server/classes.jsa
f800480000-f800ca0000 rw-p 00490000 00:3e 33859866                       /opt/java/openjdk/lib/server/classes.jsa
f800ca0000-f801040000 ---p 00000000 00:00 0 
f801040000-f801050000 rw-p 00000000 00:00 0 
f801050000-f841000000 ---p 00000000 00:00 0 
aaaad10f0000-aaaad10f1000 r-xp 00000000 00:3e 33859368                   /opt/java/openjdk/bin/java
aaaad110f000-aaaad1110000 r--p 0000f000 00:3e 33859368                   /opt/java/openjdk/bin/java
aaaad1110000-aaaad1111000 rw-p 00010000 00:3e 33859368                   /opt/java/openjdk/bin/java
aaaaed3e6000-aaaaed419000 rw-p 00000000 00:00 0                          [heap]
ffff6c000000-ffff6c021000 rw-p 00000000 00:00 0 
ffff6c021000-ffff70000000 ---p 00000000 00:00 0 
ffff70000000-ffff70010000 rw-p 00000000 00:00 0 
ffff70010000-ffff74000000 ---p 00000000 00:00 0 
ffff74000000-ffff74021000 rw-p 00000000 00:00 0 
ffff74021000-ffff78000000 ---p 00000000 00:00 0 
ffff7c000000-ffff7c021000 rw-p 00000000 00:00 0 
ffff7c021000-ffff80000000 ---p 00000000 00:00 0 
ffff80000000-ffff80021000 rw-p 00000000 00:00 0 
ffff80021000-ffff84000000 ---p 00000000 00:00 0 
ffff88000000-ffff88021000 rw-p 00000000 00:00 0 
ffff88021000-ffff8c000000 ---p 00000000 00:00 0 
ffff8c000000-ffff8c021000 rw-p 00000000 00:00 0 
ffff8c021000-ffff90000000 ---p 00000000 00:00 0 
ffff93000000-ffff932c2000 rw-p 00000000 00:00 0 
ffff93400000-ffff93607000 rw-p 00000000 00:00 0 
ffff93800000-ffff93810000 ---p 00000000 00:00 0 
ffff93810000-ffff93a0e000 rw-p 00000000 00:00 0 
ffff93c00000-ffff93c10000 ---p 00000000 00:00 0 
ffff93c10000-ffff93e0e000 rw-p 00000000 00:00 0 
ffff94000000-ffff94021000 rw-p 00000000 00:00 0 
ffff94021000-ffff98000000 ---p 00000000 00:00 0 
ffff98400000-ffff98410000 ---p 00000000 00:00 0 
ffff98410000-ffff9860e000 rw-p 00000000 00:00 0 
ffff98800000-ffff9a9f0000 rw-p 00000000 00:00 0 
ffff9a9f0000-ffff9c698000 ---p 00000000 00:00 0 
ffff9c698000-ffff9c6a0000 rw-p 00000000 00:00 0 
ffff9c800000-ffff9ca70000 rwxp 00000000 00:00 0 
ffff9ca70000-ffffa3d37000 ---p 00000000 00:00 0 
ffffa3d37000-ffffa3fa7000 rwxp 00000000 00:00 0 
ffffa3fa7000-ffffa42c9000 ---p 00000000 00:00 0 
ffffa42c9000-ffffa4539000 rwxp 00000000 00:00 0 
ffffa4539000-ffffab800000 ---p 00000000 00:00 0 
ffffab800000-ffffb3f87000 r--s 00000000 00:3e 33859857                   /opt/java/openjdk/lib/modules
ffffb4000000-ffffb4167000 rw-p 00000000 00:00 0 
ffffb4167000-ffffb8000000 ---p 00000000 00:00 0 
ffffb8400000-ffffb8410000 ---p 00000000 00:00 0 
ffffb8410000-ffffb860e000 rw-p 00000000 00:00 0 
ffffb87fa000-ffffb8e00000 rw-p 00000000 00:00 0 
ffffb8e00000-ffffb8e10000 ---p 00000000 00:00 0 
ffffb8e10000-ffffb900e000 rw-p 00000000 00:00 0 
ffffb90ff000-ffffb9200000 rw-p 00000000 00:00 0 
ffffb9200000-ffffb9210000 ---p 00000000 00:00 0 
ffffb9210000-ffffb940e000 rw-p 00000000 00:00 0 
ffffb94ff000-ffffb9600000 rw-p 00000000 00:00 0 
ffffb9600000-ffffb9610000 ---p 00000000 00:00 0 
ffffb9610000-ffffb980e000 rw-p 00000000 00:00 0 
ffffb9823000-ffffb9a3e000 rw-p 00000000 00:00 0 
ffffb9a3e000-ffffb9dd3000 ---p 00000000 00:00 0 
ffffb9dd3000-ffffb9dd4000 rw-p 00000000 00:00 0 
ffffb9e00000-ffffb9e3e000 rw-p 00000000 00:00 0 
ffffb9e3e000-ffffba1d3000 ---p 00000000 00:00 0 
ffffba1d3000-ffffba1d4000 rw-p 00000000 00:00 0 
ffffba20f000-ffffbaddf000 rw-p 00000000 00:00 0 
ffffbaddf000-ffffbaec5000 ---p 00000000 00:00 0 
ffffbaec5000-ffffbaeca000 rw-p 00000000 00:00 0 
ffffbaeca000-ffffbafb0000 ---p 00000000 00:00 0 
ffffbafb0000-ffffbafd1000 r-xp 00000000 00:3e 33859833                   /opt/java/openjdk/lib/libjava.so
ffffbafd1000-ffffbafef000 ---p 00021000 00:3e 33859833                   /opt/java/openjdk/lib/libjava.so
ffffbafef000-ffffbaff0000 r--p 0002f000 00:3e 33859833                   /opt/java/openjdk/lib/libjava.so
ffffbaff0000-ffffbaff1000 rw-p 00030000 00:3e 33859833                   /opt/java/openjdk/lib/libjava.so
ffffbaff1000-ffffbaff2000 rw-p 00000000 00:00 0 
ffffbb002000-ffffbb006000 ---p 00000000 00:00 0 
ffffbb006000-ffffbb200000 rw-p 00000000 00:00 0 
ffffbb200000-ffffbc477000 r-xp 00000000 00:3e 33859869                   /opt/java/openjdk/lib/server/libjvm.so
ffffbc477000-ffffbc492000 ---p 01277000 00:3e 33859869                   /opt/java/openjdk/lib/server/libjvm.so
ffffbc492000-ffffbc570000 r--p 01282000 00:3e 33859869                   /opt/java/openjdk/lib/server/libjvm.so
ffffbc570000-ffffbc5a2000 rw-p 01360000 00:3e 33859869                   /opt/java/openjdk/lib/server/libjvm.so
ffffbc5a2000-ffffbc626000 rw-p 00000000 00:00 0 
ffffbc650000-ffffbc66b000 r-xp 00000000 00:3e 33859837                   /opt/java/openjdk/lib/libjimage.so
ffffbc66b000-ffffbc67e000 ---p 0001b000 00:3e 33859837                   /opt/java/openjdk/lib/libjimage.so
ffffbc67e000-ffffbc680000 r--p 0001e000 00:3e 33859837                   /opt/java/openjdk/lib/libjimage.so
ffffbc680000-ffffbc681000 rw-p 00020000 00:3e 33859837                   /opt/java/openjdk/lib/libjimage.so
ffffbc690000-ffffbc715000 r-xp 00000000 00:3e 33854007                   /usr/lib/aarch64-linux-gnu/libm.so.6
ffffbc715000-ffffbc72f000 ---p 00085000 00:3e 33854007                   /usr/lib/aarch64-linux-gnu/libm.so.6
ffffbc72f000-ffffbc730000 r--p 0008f000 00:3e 33854007                   /usr/lib/aarch64-linux-gnu/libm.so.6
ffffbc730000-ffffbc731000 rw-p 00090000 00:3e 33854007                   /usr/lib/aarch64-linux-gnu/libm.so.6
ffffbc740000-ffffbc741000 r-xp 00000000 00:3e 33854046                   /usr/lib/aarch64-linux-gnu/librt.so.1
ffffbc741000-ffffbc75f000 ---p 00001000 00:3e 33854046                   /usr/lib/aarch64-linux-gnu/librt.so.1
ffffbc75f000-ffffbc760000 r--p 0000f000 00:3e 33854046                   /usr/lib/aarch64-linux-gnu/librt.so.1
ffffbc760000-ffffbc761000 rw-p 00010000 00:3e 33854046                   /usr/lib/aarch64-linux-gnu/librt.so.1
ffffbc770000-ffffbc90a000 r-xp 00000000 00:3e 33853965                   /usr/lib/aarch64-linux-gnu/libc.so.6
ffffbc90a000-ffffbc91d000 ---p 0019a000 00:3e 33853965                   /usr/lib/aarch64-linux-gnu/libc.so.6
ffffbc91d000-ffffbc920000 r--p 0019d000 00:3e 33853965                   /usr/lib/aarch64-linux-gnu/libc.so.6
ffffbc920000-ffffbc922000 rw-p 001a0000 00:3e 33853965                   /usr/lib/aarch64-linux-gnu/libc.so.6
ffffbc922000-ffffbc92e000 rw-p 00000000 00:00 0 
ffffbc930000-ffffbc931000 r-xp 00000000 00:3e 33853979                   /usr/lib/aarch64-linux-gnu/libdl.so.2
ffffbc931000-ffffbc94f000 ---p 00001000 00:3e 33853979                   /usr/lib/aarch64-linux-gnu/libdl.so.2
ffffbc94f000-ffffbc950000 r--p 0000f000 00:3e 33853979                   /usr/lib/aarch64-linux-gnu/libdl.so.2
ffffbc950000-ffffbc951000 rw-p 00010000 00:3e 33853979                   /usr/lib/aarch64-linux-gnu/libdl.so.2
ffffbc960000-ffffbc961000 r-xp 00000000 00:3e 33854044                   /usr/lib/aarch64-linux-gnu/libpthread.so.0
ffffbc961000-ffffbc97f000 ---p 00001000 00:3e 33854044                   /usr/lib/aarch64-linux-gnu/libpthread.so.0
ffffbc97f000-ffffbc980000 r--p 0000f000 00:3e 33854044                   /usr/lib/aarch64-linux-gnu/libpthread.so.0
ffffbc980000-ffffbc981000 rw-p 00010000 00:3e 33854044                   /usr/lib/aarch64-linux-gnu/libpthread.so.0
ffffbc990000-ffffbc9a8000 r-xp 00000000 00:3e 33859838                   /opt/java/openjdk/lib/libjli.so
ffffbc9a8000-ffffbc9bf000 ---p 00018000 00:3e 33859838                   /opt/java/openjdk/lib/libjli.so
ffffbc9bf000-ffffbc9c0000 r--p 0001f000 00:3e 33859838                   /opt/java/openjdk/lib/libjli.so
ffffbc9c0000-ffffbc9c1000 rw-p 00020000 00:3e 33859838                   /opt/java/openjdk/lib/libjli.so
ffffbc9c3000-ffffbc9c8000 rw-p 00000000 00:00 0 
ffffbc9c8000-ffffbc9cf000 ---p 00000000 00:00 0 
ffffbc9cf000-ffffbc9f6000 r-xp 00000000 00:3e 33853945                   /usr/lib/aarch64-linux-gnu/ld-linux-aarch64.so.1
ffffbc9fb000-ffffbca03000 rw-s 00000000 00:3e 33863253                   /tmp/hsperfdata_root/35
ffffbca03000-ffffbca05000 rw-p 00000000 00:00 0 
ffffbca05000-ffffbca06000 ---p 00000000 00:00 0 
ffffbca06000-ffffbca07000 r--p 00000000 00:00 0 
ffffbca07000-ffffbca08000 ---p 00000000 00:00 0 
ffffbca08000-ffffbca0a000 rw-p 00000000 00:00 0 
ffffbca0a000-ffffbca0c000 r--p 00000000 00:00 0                          [vvar]
ffffbca0c000-ffffbca0d000 r-xp 00000000 00:00 0                          [vdso]
ffffbca0d000-ffffbca0f000 r--p 0002e000 00:3e 33853945                   /usr/lib/aarch64-linux-gnu/ld-linux-aarch64.so.1
ffffbca0f000-ffffbca11000 rw-p 00030000 00:3e 33853945                   /usr/lib/aarch64-linux-gnu/ld-linux-aarch64.so.1
ffffebde9000-ffffebe0a000 rw-p 00000000 00:00 0                          [stack]
Total number of mappings: 125


VM Arguments:
jvm_args: -Dclassworlds.conf=/usr/share/maven/bin/m2.conf -Dmaven.home=/usr/share/maven -Dlibrary.jansi.path=/usr/share/maven/lib/jansi-native -Dmaven.multiModuleProjectDirectory=/work 
java_command: org.codehaus.plexus.classworlds.launcher.Launcher clean verify
java_class_path (initial): /usr/share/maven/boot/plexus-classworlds-2.8.0.jar
Launcher Type: SUN_STANDARD

[Global flags]
     intx CICompilerCount                          = 4                                         {product} {ergonomic}
     uint ConcGCThreads                            = 3                                         {product} {ergonomic}
     uint G1ConcRefinementThreads                  = 10                                        {product} {ergonomic}
   size_t G1HeapRegionSize                         = 1048576                                   {product} {ergonomic}
    uintx GCDrainStackTargetSize                   = 64                                        {product} {ergonomic}
   size_t InitialHeapSize                          = 130023424                                 {product} {ergonomic}
   size_t MarkStackSize                            = 4194304                                   {product} {ergonomic}
   size_t MaxHeapSize                              = 2055208960                                {product} {ergonomic}
   size_t MaxNewSize                               = 1233125376                                {product} {ergonomic}
   size_t MinHeapDeltaBytes                        = 1048576                                   {product} {ergonomic}
   size_t MinHeapSize                              = 8388608                                   {product} {ergonomic}
    uintx NonNMethodCodeHeapSize                   = 5839564                                {pd product} {ergonomic}
    uintx NonProfiledCodeHeapSize                  = 122909338                              {pd product} {ergonomic}
    uintx ProfiledCodeHeapSize                     = 122909338                              {pd product} {ergonomic}
    uintx ReservedCodeCacheSize                    = 251658240                              {pd product} {ergonomic}
     bool SegmentedCodeCache                       = true                                      {product} {ergonomic}
   size_t SoftMaxHeapSize                          = 2055208960                             {manageable} {ergonomic}
     bool UseCompressedOops                        = true                           {product lp64_product} {ergonomic}
     bool UseG1GC                                  = true                                      {product} {ergonomic}

Logging:
Log output configuration:
 #0: stdout all=warning uptime,level,tags foldmultilines=false
 #1: stderr all=off uptime,level,tags foldmultilines=false

Environment Variables:
JAVA_HOME=/opt/java/openjdk
PATH=/opt/java/openjdk/bin:/usr/local/sbin:/usr/local/bin:/usr/sbin:/usr/bin:/sbin:/bin
LANG=en_US.UTF-8
LC_ALL=en_US.UTF-8
TERM=xterm

Active Locale:
LC_ALL=C
LC_COLLATE=C
LC_CTYPE=C
LC_MESSAGES=C
LC_MONETARY=C
LC_NUMERIC=C
LC_TIME=C

Signal Handlers:
   SIGSEGV: crash_handler in libjvm.so, mask=11100100010111111101111111111110, flags=SA_RESTART|SA_SIGINFO, unblocked
    SIGBUS: crash_handler in libjvm.so, mask=11100100010111111101111111111110, flags=SA_RESTART|SA_SIGINFO, unblocked
    SIGFPE: crash_handler in libjvm.so, mask=11100100010111111101111111111110, flags=SA_RESTART|SA_SIGINFO, unblocked
   SIGPIPE: javaSignalHandler in libjvm.so, mask=11100100010111111101111111111110, flags=SA_RESTART|SA_SIGINFO, blocked
   SIGXFSZ: javaSignalHandler in libjvm.so, mask=11100100010111111101111111111110, flags=SA_RESTART|SA_SIGINFO, blocked
    SIGILL: crash_handler in libjvm.so, mask=11100100010111111101111111111110, flags=SA_RESTART|SA_SIGINFO, unblocked
   SIGUSR2: SR_handler in libjvm.so, mask=00000000000000000000000000000000, flags=SA_RESTART|SA_SIGINFO, blocked
    SIGHUP: SIG_DFL, mask=00000000000000000000000000000000, flags=none, blocked
    SIGINT: SIG_DFL, mask=00000000000000000000000000000000, flags=none, blocked
   SIGTERM: SIG_DFL, mask=00000000000000000000000000000000, flags=none, blocked
   SIGQUIT: UserHandler in libjvm.so, mask=11100100010111111101111111111110, flags=SA_RESTART|SA_SIGINFO, blocked
   SIGTRAP: crash_handler in libjvm.so, mask=11100100010111111101111111111110, flags=SA_RESTART|SA_SIGINFO, unblocked


Periodic native trim disabled

---------------  S Y S T E M  ---------------

OS:
DISTRIB_ID=Ubuntu
DISTRIB_RELEASE=24.04
DISTRIB_CODENAME=noble
DISTRIB_DESCRIPTION="Ubuntu 24.04.1 LTS"
uname: Linux 6.10.14-linuxkit #1 SMP Fri Nov 29 17:22:03 UTC 2024 aarch64
OS uptime: 0 days 0:34 hours
libc: glibc 2.39 NPTL 2.39 
rlimit (soft/hard): STACK 8192k/infinity , CORE 0k/infinity , NPROC infinity/infinity , NOFILE 1048576/1048576 , AS infinity/infinity , CPU infinity/infinity , DATA infinity/infinity , FSIZE infinity/infinity , MEMLOCK infinity/infinity
load average: 0.27 1.20 2.26

/proc/meminfo:
MemTotal:        8025084 kB
MemFree:         5545884 kB
MemAvailable:    7187748 kB
Buffers:          140000 kB
Cached:          1524968 kB
SwapCached:            0 kB
Active:           771180 kB
Inactive:        1291648 kB
Active(anon):     399764 kB
Inactive(anon):        0 kB
Active(file):     371416 kB
Inactive(file):  1291648 kB
Unevictable:           0 kB
Mlocked:               0 kB
SwapTotal:       1048572 kB
SwapFree:        1048572 kB
Zswap:                 0 kB
Zswapped:              0 kB
Dirty:                48 kB
Writeback:             0 kB
AnonPages:        353148 kB
Mapped:           178372 kB
Shmem:              1860 kB
KReclaimable:     181768 kB
Slab:             238616 kB
SReclaimable:     181768 kB
SUnreclaim:        56848 kB
KernelStack:        5792 kB
PageTables:         3164 kB
SecPageTables:         0 kB
NFS_Unstable:          0 kB
Bounce:                0 kB
WritebackTmp:          0 kB
CommitLimit:     5061112 kB
Committed_AS:    1525616 kB
VmallocTotal:   135288315904 kB
VmallocUsed:        5520 kB
VmallocChunk:          0 kB
Percpu:             4272 kB
AnonHugePages:    210944 kB
ShmemHugePages:        0 kB
ShmemPmdMapped:        0 kB
FileHugePages:         0 kB
FilePmdMapped:         0 kB
HugePages_Total:       0
HugePages_Free:        0
HugePages_Rsvd:        0
HugePages_Surp:        0
Hugepagesize:       2048 kB
Hugetlb:               0 kB

/sys/kernel/mm/transparent_hugepage/enabled: [always] madvise never
/sys/kernel/mm/transparent_hugepage/hpage_pmd_size: 2097152
/sys/kernel/mm/transparent_hugepage/defrag (defrag/compaction efforts parameter): always defer defer+madvise [madvise] never

Process Memory:
Virtual Size: 4188840K (peak: 4188852K)
Resident Set Size: 38616K (peak: 38616K) (anon: 23032K, file: 15584K, shmem: 0K)
Swapped out: 0K
C-Heap outstanding allocations: 28144K, retained: 1039K
glibc malloc tunables: (default)

/proc/sys/kernel/threads-max (system-wide limit on the number of threads): 62646
/proc/sys/vm/max_map_count (maximum number of memory map areas a process may have): 262144
/proc/sys/vm/swappiness (control to define how aggressively the kernel swaps out anonymous memory): 60
/proc/sys/kernel/pid_max (system-wide limit on number of process identifiers): 99999

container (cgroup) information:
container_type: cgroupv2
cpu_cpuset_cpus: not supported
cpu_memory_nodes: not supported
active_processor_count: 12
cpu_quota: no quota
cpu_period: 100000
cpu_shares: no shares
memory_limit_in_bytes: unlimited
memory_and_swap_limit_in_bytes: unlimited
memory_soft_limit_in_bytes: unlimited
memory_usage_in_bytes: 26368 k
memory_max_usage_in_bytes: not supported
memory_swap_current_in_bytes: unlimited
memory_swap_max_limit_in_bytes: unlimited
maximum number of tasks: unlimited
current number of tasks: 10

Steal ticks since vm start: 0
Steal ticks percentage since vm start:  0.000

CPU: total 12 (initial active 12) 0x61:0x0:0x000:0, fp, asimd, evtstrm, aes, pmull, sha1, sha256, crc32, lse, dcpop, sha3, sha512, paca, sve2
/proc/cpuinfo:
processor	: 0
BogoMIPS	: 48.00
Features	: fp asimd evtstrm aes pmull sha1 sha2 crc32 atomics fphp asimdhp cpuid asimdrdm jscvt fcma lrcpc dcpop sha3 asimddp sha512 asimdfhm dit uscat ilrcpc flagm sb paca pacg dcpodp sve2 flagm2 frint svei8mm svebf16 bf16 afp sme
CPU implementer	: 0x61
CPU architecture: 8
CPU variant	: 0x0
CPU part	: 0x000
CPU revision	: 0

processor	: 1
BogoMIPS	: 48.00
Features	: fp asimd evtstrm aes pmull sha1 sha2 crc32 atomics fphp asimdhp cpuid asimdrdm jscvt fcma lrcpc dcpop sha3 asimddp sha512 asimdfhm dit uscat ilrcpc flagm sb paca pacg dcpodp sve2 flagm2 frint svei8mm svebf16 bf16 afp sme
CPU implementer	: 0x61
CPU architecture: 8
CPU variant	: 0x0
CPU part	: 0x000
CPU revision	: 0

processor	: 2
BogoMIPS	: 48.00
Features	: fp asimd evtstrm aes pmull sha1 sha2 crc32 atomics fphp asimdhp cpuid asimdrdm jscvt fcma lrcpc dcpop sha3 asimddp sha512 asimdfhm dit uscat ilrcpc flagm sb paca pacg dcpodp sve2 flagm2 frint svei8mm svebf16 bf16 afp sme
CPU implementer	: 0x61
CPU architecture: 8
CPU variant	: 0x0
CPU part	: 0x000
CPU revision	: 0

processor	: 3
BogoMIPS	: 48.00
Features	: fp asimd evtstrm aes pmull sha1 sha2 crc32 atomics fphp asimdhp cpuid asimdrdm jscvt fcma lrcpc dcpop sha3 asimddp sha512 asimdfhm dit uscat ilrcpc flagm sb paca pacg dcpodp sve2 flagm2 frint svei8mm svebf16 bf16 afp sme
CPU implementer	: 0x61
CPU architecture: 8
CPU variant	: 0x0
CPU part	: 0x000
CPU revision	: 0

processor	: 4
BogoMIPS	: 48.00
Features	: fp asimd evtstrm aes pmull sha1 sha2 crc32 atomics fphp asimdhp cpuid asimdrdm jscvt fcma lrcpc dcpop sha3 asimddp sha512 asimdfhm dit uscat ilrcpc flagm sb paca pacg dcpodp sve2 flagm2 frint svei8mm svebf16 bf16 afp sme
CPU implementer	: 0x61
CPU architecture: 8
CPU variant	: 0x0
CPU part	: 0x000
CPU revision	: 0

processor	: 5
BogoMIPS	: 48.00
Features	: fp asimd evtstrm aes pmull sha1 sha2 crc32 atomics fphp asimdhp cpuid asimdrdm jscvt fcma lrcpc dcpop sha3 asimddp sha512 asimdfhm dit uscat ilrcpc flagm sb paca pacg dcpodp sve2 flagm2 frint svei8mm svebf16 bf16 afp sme
CPU implementer	: 0x61
CPU architecture: 8
CPU variant	: 0x0
CPU part	: 0x000
CPU revision	: 0

processor	: 6
BogoMIPS	: 48.00
Features	: fp asimd evtstrm aes pmull sha1 sha2 crc32 atomics fphp asimdhp cpuid asimdrdm jscvt fcma lrcpc dcpop sha3 asimddp sha512 asimdfhm dit uscat ilrcpc flagm sb paca pacg dcpodp sve2 flagm2 frint svei8mm svebf16 bf16 afp sme
CPU implementer	: 0x61
CPU architecture: 8
CPU variant	: 0x0
CPU part	: 0x000
CPU revision	: 0

processor	: 7
BogoMIPS	: 48.00
Features	: fp asimd evtstrm aes pmull sha1 sha2 crc32 atomics fphp asimdhp cpuid asimdrdm jscvt fcma lrcpc dcpop sha3 asimddp sha512 asimdfhm dit uscat ilrcpc flagm sb paca pacg dcpodp sve2 flagm2 frint svei8mm svebf16 bf16 afp sme
CPU implementer	: 0x61
CPU architecture: 8
CPU variant	: 0x0
CPU part	: 0x000
CPU revision	: 0

processor	: 8
BogoMIPS	: 48.00
Features	: fp asimd evtstrm aes pmull sha1 sha2 crc32 atomics fphp asimdhp cpuid asimdrdm jscvt fcma lrcpc dcpop sha3 asimddp sha512 asimdfhm dit uscat ilrcpc flagm sb paca pacg dcpodp sve2 flagm2 frint svei8mm svebf16 bf16 afp sme
CPU implementer	: 0x61
CPU architecture: 8
CPU variant	: 0x0
CPU part	: 0x000
CPU revision	: 0

processor	: 9
BogoMIPS	: 48.00
Features	: fp asimd evtstrm aes pmull sha1 sha2 crc32 atomics fphp asimdhp cpuid asimdrdm jscvt fcma lrcpc dcpop sha3 asimddp sha512 asimdfhm dit uscat ilrcpc flagm sb paca pacg dcpodp sve2 flagm2 frint svei8mm svebf16 bf16 afp sme
CPU implementer	: 0x61
CPU architecture: 8
CPU variant	: 0x0
CPU part	: 0x000
CPU revision	: 0

processor	: 10
BogoMIPS	: 48.00
Features	: fp asimd evtstrm aes pmull sha1 sha2 crc32 atomics fphp asimdhp cpuid asimdrdm jscvt fcma lrcpc dcpop sha3 asimddp sha512 asimdfhm dit uscat ilrcpc flagm sb paca pacg dcpodp sve2 flagm2 frint svei8mm svebf16 bf16 afp sme
CPU implementer	: 0x61
CPU architecture: 8
CPU variant	: 0x0
CPU part	: 0x000
CPU revision	: 0

processor	: 11
BogoMIPS	: 48.00
Features	: fp asimd evtstrm aes pmull sha1 sha2 crc32 atomics fphp asimdhp cpuid asimdrdm jscvt fcma lrcpc dcpop sha3 asimddp sha512 asimdfhm dit uscat ilrcpc flagm sb paca pacg dcpodp sve2 flagm2 frint svei8mm svebf16 bf16 afp sme
CPU implementer	: 0x61
CPU architecture: 8
CPU variant	: 0x0
CPU part	: 0x000
CPU revision	: 0


Online cpus: 0-11
Offline cpus: 

Memory: 4k page, physical 8025084k(7187748k free), swap 1048572k(1048572k free)
Page Sizes: 4k

vm_info: OpenJDK 64-Bit Server VM (21.0.6+7-LTS) for linux-aarch64 JRE (21.0.6+7-LTS), built on 2025-01-21T00:00:00Z by "admin" with gcc 11.3.0

END.
